2025-02-06 13:53:48.647 [info] Extension host with pid 6703 started
2025-02-06 13:53:48.713 [info] ExtensionService#_doActivateExtension vscode.github-authentication, startup: false, activationEvent: 'onAuthenticationRequest:github'
2025-02-06 13:53:48.744 [info] ExtensionService#_doActivateExtension vscode.emmet, startup: false, activationEvent: 'onLanguage'
2025-02-06 13:53:48.889 [info] ExtensionService#_doActivateExtension vscode.git-base, startup: true, activationEvent: '*', root cause: vscode.git
2025-02-06 13:53:48.907 [info] ExtensionService#_doActivateExtension vscode.git, startup: true, activationEvent: '*'
2025-02-06 13:53:48.965 [info] ExtensionService#_doActivateExtension vscode.github, startup: true, activationEvent: '*'
2025-02-06 13:53:49.037 [info] Eager extensions activated
2025-02-06 13:53:49.088 [info] ExtensionService#_doActivateExtension vscode.debug-auto-launch, startup: false, activationEvent: 'onStartupFinished'
2025-02-06 13:53:49.091 [info] ExtensionService#_doActivateExtension vscode.merge-conflict, startup: false, activationEvent: 'onStartupFinished'
2025-02-06 13:53:58.856 [info] Extension host terminating: renderer closed the MessagePort
2025-02-06 13:53:58.860 [info] Extension host with pid 6703 exiting with code 0
2025-02-06 13:53:59.923 [info] Extension host with pid 6912 started
2025-02-06 13:53:59.923 [info] Skipping acquiring lock for /home/guptamadhav/.config/Code/User/workspaceStorage/e776cd012dd2d35f9f2996d500b29bf9.
2025-02-06 13:54:00.170 [info] ExtensionService#_doActivateExtension vscode.github-authentication, startup: false, activationEvent: 'onAuthenticationRequest:github'
2025-02-06 13:54:00.207 [info] ExtensionService#_doActivateExtension vscode.emmet, startup: false, activationEvent: 'onLanguage'
2025-02-06 13:54:00.327 [info] ExtensionService#_doActivateExtension vscode.git-base, startup: true, activationEvent: '*', root cause: vscode.git
2025-02-06 13:54:00.382 [info] ExtensionService#_doActivateExtension vscode.git, startup: true, activationEvent: '*'
2025-02-06 13:54:00.454 [info] ExtensionService#_doActivateExtension vscode.github, startup: true, activationEvent: '*'
2025-02-06 13:54:00.530 [info] Eager extensions activated
2025-02-06 13:54:00.558 [info] ExtensionService#_doActivateExtension vscode.debug-auto-launch, startup: false, activationEvent: 'onStartupFinished'
2025-02-06 13:54:00.560 [info] ExtensionService#_doActivateExtension vscode.merge-conflict, startup: false, activationEvent: 'onStartupFinished'
2025-02-06 13:58:10.743 [info] ExtensionService#_doActivateExtension vscode.npm, startup: false, activationEvent: 'onTerminalQuickFixRequest:ms-vscode.npm-command'
2025-02-06 13:59:13.848 [info] ExtensionService#_doActivateExtension vscode.configuration-editing, startup: false, activationEvent: 'onLanguage:jsonc'
2025-02-06 13:59:13.860 [info] ExtensionService#_doActivateExtension vscode.json-language-features, startup: false, activationEvent: 'onLanguage:jsonc'
2025-02-06 13:59:13.907 [info] ExtensionService#_doActivateExtension vscode.typescript-language-features, startup: false, activationEvent: 'onLanguage:jsonc'
2025-02-06 14:24:15.451 [info] ExtensionService#_doActivateExtension batisteo.vscode-django, startup: false, activationEvent: 'onLanguage:python'
2025-02-06 14:24:15.462 [info] ExtensionService#_doActivateExtension KevinRose.vsc-python-indent, startup: false, activationEvent: 'onLanguage:python'
2025-02-06 14:24:15.473 [info] ExtensionService#_doActivateExtension ms-python.python, startup: false, activationEvent: 'onLanguage:python', root cause: ms-python.debugpy
2025-02-06 14:24:15.642 [info] ExtensionService#_doActivateExtension njpwerner.autodocstring, startup: false, activationEvent: 'onLanguage:python'
2025-02-06 14:24:15.653 [info] ExtensionService#_doActivateExtension VisualStudioExptTeam.intellicode-api-usage-examples, startup: false, activationEvent: 'onLanguage:python'
2025-02-06 14:24:15.748 [info] ExtensionService#_doActivateExtension VisualStudioExptTeam.vscodeintellicode, startup: false, activationEvent: 'onLanguage:python'
2025-02-06 14:24:15.950 [info] ExtensionService#_doActivateExtension ms-python.debugpy, startup: false, activationEvent: 'onLanguage:python'
2025-02-06 14:24:15.994 [info] ExtensionService#_doActivateExtension ms-python.vscode-pylance, startup: false, activationEvent: 'onLanguage:python'
2025-02-06 14:29:57.986 [info] ExtensionService#_doActivateExtension vscode.css-language-features, startup: false, activationEvent: 'onLanguage:css'
2025-02-06 15:03:16.632 [info] Extension host terminating: renderer closed the MessagePort
2025-02-06 15:03:16.645 [info] Extension host with pid 6912 exiting with code 0
