2025-02-06 13:53:47.897 [warning] Via 'product.json#extensionEnabledApiProposals' extension 'ms-vscode.vscode-selfhost-test-provider' wants API proposal 'attributableCoverage' but that proposal DOES NOT EXIST. Likely, the proposal has been finalized (check 'vscode.d.ts') or was abandoned.
2025-02-06 13:53:47.897 [warning] Via 'product.json#extensionEnabledApiProposals' extension 'ms-python.python' wants API proposal 'contribIssueReporter' but that proposal DOES NOT EXIST. Likely, the proposal has been finalized (check 'vscode.d.ts') or was abandoned.
2025-02-06 13:53:47.898 [warning] Via 'product.json#extensionEnabledApiProposals' extension 'ms-python.debugpy' wants API proposal 'contribIssueReporter' but that proposal DOES NOT EXIST. Likely, the proposal has been finalized (check 'vscode.d.ts') or was abandoned.
2025-02-06 13:53:48.228 [info] Started local extension host with pid 6703.
2025-02-06 13:53:48.483 [warning] [twxs.cmake]: Cannot register 'cmake.cmakePath'. This property is already registered.
2025-02-06 13:53:49.207 [info] Settings Sync: Account status changed from uninitialized to unavailable
2025-02-06 13:53:50.882 [info] [perf] Render performance baseline is 24ms
2025-02-06 13:53:53.909 [error] Timed out waiting for authentication provider to register
2025-02-06 13:53:59.063 [warning] Via 'product.json#extensionEnabledApiProposals' extension 'ms-vscode.vscode-selfhost-test-provider' wants API proposal 'attributableCoverage' but that proposal DOES NOT EXIST. Likely, the proposal has been finalized (check 'vscode.d.ts') or was abandoned.
2025-02-06 13:53:59.063 [warning] Via 'product.json#extensionEnabledApiProposals' extension 'ms-python.python' wants API proposal 'contribIssueReporter' but that proposal DOES NOT EXIST. Likely, the proposal has been finalized (check 'vscode.d.ts') or was abandoned.
2025-02-06 13:53:59.064 [warning] Via 'product.json#extensionEnabledApiProposals' extension 'ms-python.debugpy' wants API proposal 'contribIssueReporter' but that proposal DOES NOT EXIST. Likely, the proposal has been finalized (check 'vscode.d.ts') or was abandoned.
2025-02-06 13:53:59.380 [info] Started local extension host with pid 6912.
2025-02-06 13:53:59.918 [warning] [twxs.cmake]: Cannot register 'cmake.cmakePath'. This property is already registered.
2025-02-06 13:54:00.719 [info] Settings Sync: Account status changed from uninitialized to unavailable
2025-02-06 13:54:02.005 [info] [perf] Render performance baseline is 25ms
2025-02-06 13:54:05.366 [error] Timed out waiting for authentication provider to register
2025-02-06 13:59:04.270 [warning] Settings pattern "issueReporter.*" doesn't match any settings
2025-02-06 13:59:15.671 [warning] Settings pattern "issueReporter.*" doesn't match any settings
2025-02-06 13:59:30.749 [warning] Settings pattern "issueReporter.*" doesn't match any settings
2025-02-06 14:00:31.680 [warning] Settings pattern "issueReporter.*" doesn't match any settings
