2025-02-06 15:33:12.888 [info] [main] Log level: Info
2025-02-06 15:33:12.888 [info] [main] Validating found git in: "git"
2025-02-06 15:33:12.888 [info] [main] Using git "2.48.1" from "git"
2025-02-06 15:33:12.889 [info] [Model][doInitialScan] Initial repository scan started
2025-02-06 15:33:12.889 [info] > git rev-parse --show-toplevel [3ms]
2025-02-06 15:33:12.889 [info] fatal: not a git repository (or any of the parent directories): .git
2025-02-06 15:33:12.890 [info] > git rev-parse --show-toplevel [1ms]
2025-02-06 15:33:12.890 [info] fatal: not a git repository (or any of the parent directories): .git
2025-02-06 15:33:12.903 [info] > git rev-parse --show-toplevel [3ms]
2025-02-06 15:33:12.903 [info] fatal: not a git repository (or any of the parent directories): .git
2025-02-06 15:33:12.916 [info] > git rev-parse --show-toplevel [3ms]
2025-02-06 15:33:12.916 [info] fatal: not a git repository (or any of the parent directories): .git
2025-02-06 15:33:12.947 [info] > git rev-parse --show-toplevel [21ms]
2025-02-06 15:33:12.947 [info] fatal: not a git repository (or any of the parent directories): .git
2025-02-06 15:33:12.956 [info] > git rev-parse --show-toplevel [2ms]
2025-02-06 15:33:12.956 [info] fatal: not a git repository (or any of the parent directories): .git
2025-02-06 15:33:12.969 [info] > git rev-parse --show-toplevel [4ms]
2025-02-06 15:33:12.969 [info] fatal: not a git repository (or any of the parent directories): .git
2025-02-06 15:33:12.977 [info] > git rev-parse --show-toplevel [1ms]
2025-02-06 15:33:12.977 [info] fatal: not a git repository (or any of the parent directories): .git
2025-02-06 15:33:12.986 [info] > git rev-parse --show-toplevel [1ms]
2025-02-06 15:33:12.986 [info] fatal: not a git repository (or any of the parent directories): .git
2025-02-06 15:33:12.994 [info] > git rev-parse --show-toplevel [2ms]
2025-02-06 15:33:12.994 [info] fatal: not a git repository (or any of the parent directories): .git
2025-02-06 15:33:13.003 [info] > git rev-parse --show-toplevel [2ms]
2025-02-06 15:33:13.003 [info] fatal: not a git repository (or any of the parent directories): .git
2025-02-06 15:33:13.010 [info] > git rev-parse --show-toplevel [1ms]
2025-02-06 15:33:13.010 [info] fatal: not a git repository (or any of the parent directories): .git
2025-02-06 15:33:13.019 [info] > git rev-parse --show-toplevel [2ms]
2025-02-06 15:33:13.019 [info] fatal: not a git repository (or any of the parent directories): .git
2025-02-06 15:33:13.029 [info] > git rev-parse --show-toplevel [5ms]
2025-02-06 15:33:13.029 [info] fatal: not a git repository (or any of the parent directories): .git
2025-02-06 15:33:13.038 [info] > git rev-parse --show-toplevel [1ms]
2025-02-06 15:33:13.038 [info] fatal: not a git repository (or any of the parent directories): .git
2025-02-06 15:33:13.046 [info] > git rev-parse --show-toplevel [2ms]
2025-02-06 15:33:13.046 [info] fatal: not a git repository (or any of the parent directories): .git
2025-02-06 15:33:13.054 [info] > git rev-parse --show-toplevel [1ms]
2025-02-06 15:33:13.054 [info] fatal: not a git repository (or any of the parent directories): .git
2025-02-06 15:33:13.062 [info] > git rev-parse --show-toplevel [0ms]
2025-02-06 15:33:13.062 [info] fatal: not a git repository (or any of the parent directories): .git
2025-02-06 15:33:13.070 [info] > git rev-parse --show-toplevel [1ms]
2025-02-06 15:33:13.070 [info] fatal: not a git repository (or any of the parent directories): .git
2025-02-06 15:33:13.078 [info] > git rev-parse --show-toplevel [1ms]
2025-02-06 15:33:13.078 [info] fatal: not a git repository (or any of the parent directories): .git
2025-02-06 15:33:13.088 [info] > git rev-parse --show-toplevel [2ms]
2025-02-06 15:33:13.088 [info] fatal: not a git repository (or any of the parent directories): .git
2025-02-06 15:33:13.104 [info] > git rev-parse --show-toplevel [10ms]
2025-02-06 15:33:13.104 [info] fatal: not a git repository (or any of the parent directories): .git
2025-02-06 15:33:13.112 [info] > git rev-parse --show-toplevel [1ms]
2025-02-06 15:33:13.112 [info] fatal: not a git repository (or any of the parent directories): .git
2025-02-06 15:33:13.124 [info] > git rev-parse --show-toplevel [2ms]
2025-02-06 15:33:13.124 [info] fatal: not a git repository (or any of the parent directories): .git
2025-02-06 15:33:13.135 [info] > git rev-parse --show-toplevel [3ms]
2025-02-06 15:33:13.135 [info] fatal: not a git repository (or any of the parent directories): .git
2025-02-06 15:33:13.144 [info] > git rev-parse --show-toplevel [1ms]
2025-02-06 15:33:13.144 [info] fatal: not a git repository (or any of the parent directories): .git
2025-02-06 15:33:13.153 [info] > git rev-parse --show-toplevel [1ms]
2025-02-06 15:33:13.153 [info] fatal: not a git repository (or any of the parent directories): .git
2025-02-06 15:33:13.161 [info] > git rev-parse --show-toplevel [1ms]
2025-02-06 15:33:13.161 [info] fatal: not a git repository (or any of the parent directories): .git
2025-02-06 15:33:13.170 [info] > git rev-parse --show-toplevel [0ms]
2025-02-06 15:33:13.170 [info] fatal: not a git repository (or any of the parent directories): .git
2025-02-06 15:33:13.176 [info] > git rev-parse --show-toplevel [1ms]
2025-02-06 15:33:13.176 [info] fatal: not a git repository (or any of the parent directories): .git
2025-02-06 15:33:13.184 [info] > git rev-parse --show-toplevel [1ms]
2025-02-06 15:33:13.184 [info] fatal: not a git repository (or any of the parent directories): .git
2025-02-06 15:33:13.191 [info] > git rev-parse --show-toplevel [1ms]
2025-02-06 15:33:13.191 [info] fatal: not a git repository (or any of the parent directories): .git
2025-02-06 15:33:13.200 [info] > git rev-parse --show-toplevel [2ms]
2025-02-06 15:33:13.200 [info] fatal: not a git repository (or any of the parent directories): .git
2025-02-06 15:33:13.201 [info] [Model][doInitialScan] Initial repository scan completed - repositories (0), closed repositories (0), parent repositories (0), unsafe repositories (0)
2025-02-06 15:33:13.207 [info] > git rev-parse --show-toplevel [1ms]
2025-02-06 15:33:13.207 [info] fatal: not a git repository (or any of the parent directories): .git
2025-02-06 15:33:13.214 [info] > git rev-parse --show-toplevel [1ms]
2025-02-06 15:33:13.214 [info] fatal: not a git repository (or any of the parent directories): .git
2025-02-06 15:33:13.222 [info] > git rev-parse --show-toplevel [1ms]
2025-02-06 15:33:13.222 [info] fatal: not a git repository (or any of the parent directories): .git
2025-02-06 15:33:14.279 [info] > git rev-parse --show-toplevel [1ms]
2025-02-06 15:33:14.279 [info] fatal: not a git repository (or any of the parent directories): .git
2025-02-06 15:35:53.836 [info] > git rev-parse --show-toplevel [1ms]
2025-02-06 15:35:53.836 [info] fatal: not a git repository (or any of the parent directories): .git
