INFO: 2025-02-05 16:54:39,848: main() 'Using profile folder /home/guptamadhav/.config/variety/hyde/'
INFO: 2025-02-05 16:54:39,850: perform_upgrade() 'Last run version was 0.8.12 or earlier, current version is 0.8.12'
INFO: 2025-02-05 16:54:39,885: process_command() 'Received command: ['--profile', '/home/guptamadhav/.config/variety/hyde/']'
INFO: 2025-02-05 16:54:39,887: start() 'Using data_path /usr/share/variety'
INFO: 2025-02-05 16:54:39,887: load() 'Jumble loading'
INFO: 2025-02-05 16:54:39,887: _walk_modules() 'Jumble loading module in __init__ from /usr/lib/python3.13/site-packages/variety/plugins/builtin/__init__.py'
INFO: 2025-02-05 16:54:39,887: _walk_modules() 'Jumble loading module in GnomeDisplayModesPlugin from /usr/lib/python3.13/site-packages/variety/plugins/builtin/display_modes/GnomeDisplayModesPlugin.py'
INFO: 2025-02-05 16:54:39,887: load() 'Jumble found plugin class: <class 'GnomeDisplayModesPlugin.GnomeDisplayModesPlugin'>: {'name': 'GnomeDisplayModesPlugin', 'description': 'Display modes relying on the underlying desktop environment', 'version': '1.0', 'author': 'Peter Levi'}'
INFO: 2025-02-05 16:54:39,887: _walk_modules() 'Jumble loading module in LegacyDisplayModesPlugin from /usr/lib/python3.13/site-packages/variety/plugins/builtin/display_modes/LegacyDisplayModesPlugin.py'
INFO: 2025-02-05 16:54:39,887: load() 'Jumble found plugin class: <class 'LegacyDisplayModesPlugin.LegacyDisplayModesPlugin'>: {'name': 'LegacyDisplayModesPlugin', 'description': 'Legacy display mode for compatibility with past Variety versions', 'version': '1.0', 'author': 'Peter Levi'}'
INFO: 2025-02-05 16:54:39,887: _walk_modules() 'Jumble loading module in ResizingDisplayModesPlugin from /usr/lib/python3.13/site-packages/variety/plugins/builtin/display_modes/ResizingDisplayModesPlugin.py'
INFO: 2025-02-05 16:54:39,888: load() 'Jumble found plugin class: <class 'ResizingDisplayModesPlugin.ResizingDisplayModesPlugin'>: {'name': 'ResizingDisplayModesPlugin', 'description': 'Display modes that use image resizing within Variety', 'version': '1.0', 'author': 'Peter Levi'}'
INFO: 2025-02-05 16:54:39,888: _walk_modules() 'Jumble loading module in __init__ from /usr/lib/python3.13/site-packages/variety/plugins/builtin/display_modes/__init__.py'
INFO: 2025-02-05 16:54:39,888: _walk_modules() 'Jumble loading module in APODDownloader from /usr/lib/python3.13/site-packages/variety/plugins/builtin/downloaders/APODDownloader.py'
INFO: 2025-02-05 16:54:39,888: load() 'Jumble found plugin class: <class 'APODDownloader.APODDownloader'>: {'name': 'APODDownloader', 'description': 'NASA Astro Pic of the Day', 'author': 'Peter Levi', 'version': '0.1'}'
INFO: 2025-02-05 16:54:39,888: _walk_modules() 'Jumble loading module in ArtStationDownloader from /usr/lib/python3.13/site-packages/variety/plugins/builtin/downloaders/ArtStationDownloader.py'
INFO: 2025-02-05 16:54:39,888: _walk_modules() 'Jumble loading module in ArtStationSource from /usr/lib/python3.13/site-packages/variety/plugins/builtin/downloaders/ArtStationSource.py'
INFO: 2025-02-05 16:54:39,889: load() 'Jumble found plugin class: <class 'ArtStationSource.ArtStationSource'>: {'name': 'ArtStationSource', 'description': 'Configurable source for fetching images from ArtStation', 'author': 'Denis Gordeev', 'version': '0.1'}'
INFO: 2025-02-05 16:54:39,889: _walk_modules() 'Jumble loading module in BingDownloader from /usr/lib/python3.13/site-packages/variety/plugins/builtin/downloaders/BingDownloader.py'
INFO: 2025-02-05 16:54:39,889: load() 'Jumble found plugin class: <class 'BingDownloader.BingDownloader'>: {'name': 'BingDownloader', 'description': 'Bing Photo of the Day', 'author': 'Peter Levi', 'version': '0.1'}'
INFO: 2025-02-05 16:54:39,889: _walk_modules() 'Jumble loading module in EarthviewDownloader from /usr/lib/python3.13/site-packages/variety/plugins/builtin/downloaders/EarthviewDownloader.py'
INFO: 2025-02-05 16:54:39,889: load() 'Jumble found plugin class: <class 'EarthviewDownloader.EarthviewDownloader'>: {'name': 'EarthviewDownloader', 'description': 'Google Earth View Wallpapers', 'author': 'Peter Levi', 'version': '0.1'}'
INFO: 2025-02-05 16:54:39,890: _walk_modules() 'Jumble loading module in MediaRSSDownloader from /usr/lib/python3.13/site-packages/variety/plugins/builtin/downloaders/MediaRSSDownloader.py'
INFO: 2025-02-05 16:54:39,890: _walk_modules() 'Jumble loading module in MediaRSSSource from /usr/lib/python3.13/site-packages/variety/plugins/builtin/downloaders/MediaRSSSource.py'
INFO: 2025-02-05 16:54:39,890: load() 'Jumble found plugin class: <class 'MediaRSSSource.MediaRSSSource'>: {'name': 'MediaRSSSource', 'description': 'Configurable source for fetching images from MediaRSS feeds', 'author': 'Peter Levi', 'version': '0.1'}'
INFO: 2025-02-05 16:54:39,890: _walk_modules() 'Jumble loading module in NationalGeographicDownloader from /usr/lib/python3.13/site-packages/variety/plugins/builtin/downloaders/NationalGeographicDownloader.py'
INFO: 2025-02-05 16:54:39,890: load() 'Jumble found plugin class: <class 'NationalGeographicDownloader.NationalGeographicDownloader'>: {'name': 'NationalGeographicDownloader', 'description': "National Geographic's photo of the day", 'author': 'Eric Rösch', 'version': '0.1'}'
INFO: 2025-02-05 16:54:39,890: _walk_modules() 'Jumble loading module in RedditDownloader from /usr/lib/python3.13/site-packages/variety/plugins/builtin/downloaders/RedditDownloader.py'
INFO: 2025-02-05 16:54:39,891: _walk_modules() 'Jumble loading module in RedditSource from /usr/lib/python3.13/site-packages/variety/plugins/builtin/downloaders/RedditSource.py'
INFO: 2025-02-05 16:54:39,891: load() 'Jumble found plugin class: <class 'RedditSource.RedditSource'>: {'name': 'RedditSource', 'description': 'Configurable source for fetching images from Reddit', 'author': 'Peter Levi', 'version': '0.1'}'
INFO: 2025-02-05 16:54:39,891: _walk_modules() 'Jumble loading module in UnsplashConfigurableSource from /usr/lib/python3.13/site-packages/variety/plugins/builtin/downloaders/UnsplashConfigurableSource.py'
INFO: 2025-02-05 16:54:39,892: load() 'Jumble found plugin class: <class 'UnsplashConfigurableSource.UnsplashConfigurableSource'>: {'name': 'UnsplashConfigurableSource', 'description': 'Configurable source for fetching photos from Unsplash.com', 'author': 'Peter Levi', 'version': '0.1'}'
INFO: 2025-02-05 16:54:39,892: _walk_modules() 'Jumble loading module in UnsplashDownloader from /usr/lib/python3.13/site-packages/variety/plugins/builtin/downloaders/UnsplashDownloader.py'
INFO: 2025-02-05 16:54:39,892: load() 'Jumble found plugin class: <class 'UnsplashDownloader.UnsplashDownloader'>: {'name': 'UnsplashDownloader', 'description': 'High-resolution photos from Unsplash.com', 'author': 'Peter Levi', 'version': '0.1'}'
INFO: 2025-02-05 16:54:39,892: _walk_modules() 'Jumble loading module in WallhavenDownloader from /usr/lib/python3.13/site-packages/variety/plugins/builtin/downloaders/WallhavenDownloader.py'
INFO: 2025-02-05 16:54:39,893: _walk_modules() 'Jumble loading module in WallhavenLegacyDownloader from /usr/lib/python3.13/site-packages/variety/plugins/builtin/downloaders/WallhavenLegacyDownloader.py'
INFO: 2025-02-05 16:54:39,893: _walk_modules() 'Jumble loading module in WallhavenSource from /usr/lib/python3.13/site-packages/variety/plugins/builtin/downloaders/WallhavenSource.py'
INFO: 2025-02-05 16:54:39,893: load() 'Jumble found plugin class: <class 'WallhavenSource.WallhavenSource'>: {'name': 'WallhavenSource', 'description': 'Configurable source for fetching images from Wallhaven.cc', 'author': 'Peter Levi', 'version': '0.1'}'
INFO: 2025-02-05 16:54:39,893: _walk_modules() 'Jumble loading module in __init__ from /usr/lib/python3.13/site-packages/variety/plugins/builtin/downloaders/__init__.py'
INFO: 2025-02-05 16:54:39,893: _walk_modules() 'Jumble loading module in FortuneSource from /usr/lib/python3.13/site-packages/variety/plugins/builtin/quotes/FortuneSource.py'
INFO: 2025-02-05 16:54:39,894: load() 'Jumble found plugin class: <class 'FortuneSource.FortuneSource'>: {'name': 'UNIX fortune program', 'description': 'Displays quotes using the UNIX fortune program. You may want to install additional fortune packs, e.g. fortunes-bofh-excuses.', 'author': 'Dan Jones', 'version': '0.1'}'
INFO: 2025-02-05 16:54:39,894: _walk_modules() 'Jumble loading module in GoodreadsSource from /usr/lib/python3.13/site-packages/variety/plugins/builtin/quotes/GoodreadsSource.py'
INFO: 2025-02-05 16:54:39,914: load() 'Jumble found plugin class: <class 'GoodreadsSource.GoodreadsSource'>: {'name': 'Goodreads', 'description': 'Fetches quotes from Goodreads.com', 'author': 'Peter Levi', 'version': '0.1'}'
INFO: 2025-02-05 16:54:39,914: _walk_modules() 'Jumble loading module in LocalFilesSource from /usr/lib/python3.13/site-packages/variety/plugins/builtin/quotes/LocalFilesSource.py'
INFO: 2025-02-05 16:54:39,914: load() 'Jumble found plugin class: <class 'LocalFilesSource.LocalFilesSource'>: {'name': 'Local text files', 'description': 'Displays quotes, defined in local text files.\nPut your own txt files in: /home/guptamadhav/.config/variety/hyde/pluginconfig/quotes/.\nThe file format is:\n\nquote -- author\n.\nsecond quote -- another author\n.\netc...\n\nExample: http://rvelthuis.de/zips/quotes.txt', 'author': 'Peter Levi', 'version': '0.1'}'
INFO: 2025-02-05 16:54:39,915: _walk_modules() 'Jumble loading module in QuotationsPageSource from /usr/lib/python3.13/site-packages/variety/plugins/builtin/quotes/QuotationsPageSource.py'
INFO: 2025-02-05 16:54:39,915: load() 'Jumble found plugin class: <class 'QuotationsPageSource.QuotationsPageSource'>: {'name': 'TheQuotationsPage.com', 'description': 'Fetches quotes from TheQuotationsPage.com', 'author': 'Peter Levi', 'version': '0.1'}'
INFO: 2025-02-05 16:54:39,915: _walk_modules() 'Jumble loading module in UrbanDictionarySource from /usr/lib/python3.13/site-packages/variety/plugins/builtin/quotes/UrbanDictionarySource.py'
INFO: 2025-02-05 16:54:39,915: load() 'Jumble found plugin class: <class 'UrbanDictionarySource.UrbanDictionarySource'>: {'name': 'Urban Dictionary', 'description': 'Displays definitions from Urban Dictionary', 'author': 'James Miller', 'version': '0.1'}'
INFO: 2025-02-05 16:54:39,915: _walk_modules() 'Jumble loading module in __init__ from /usr/lib/python3.13/site-packages/variety/plugins/builtin/quotes/__init__.py'
ERROR: 2025-02-05 16:54:39,916: get_xdg_pictures_folder() 'Could not get path to Pictures folder. Defaulting to ~/Pictures.'
Traceback (most recent call last):
  File "/usr/lib/python3.13/site-packages/variety/Util.py", line 815, in get_xdg_pictures_folder
    raise Exception("Could not get path to Pictures folder. Defaulting to ~/Pictures.")
Exception: Could not get path to Pictures folder. Defaulting to ~/Pictures.
ERROR: 2025-02-05 16:54:39,917: get_xdg_pictures_folder() 'Could not get path to Pictures folder. Defaulting to ~/Pictures.'
Traceback (most recent call last):
  File "/usr/lib/python3.13/site-packages/variety/Util.py", line 815, in get_xdg_pictures_folder
    raise Exception("Could not get path to Pictures folder. Defaulting to ~/Pictures.")
Exception: Could not get path to Pictures folder. Defaulting to ~/Pictures.
INFO: 2025-02-05 16:54:39,927: log_options() 'Loaded options:'
INFO: 2025-02-05 16:54:39,927: log_options() 'change_enabled = False'
INFO: 2025-02-05 16:54:39,927: log_options() 'change_interval = 1800'
INFO: 2025-02-05 16:54:39,927: log_options() 'change_on_start = False'
INFO: 2025-02-05 16:54:39,927: log_options() 'clipboard_enabled = False'
INFO: 2025-02-05 16:54:39,927: log_options() 'clipboard_hosts = ['wallhaven.cc', 'wallpapers.net', 'flickr.com', 'imgur.com', 'deviantart.com', 'interfacelift.com', 'vladstudio.com', 'imageshack.us', 'deviantart.net', 'imageshack.com']'
INFO: 2025-02-05 16:54:39,927: log_options() 'clipboard_use_whitelist = True'
INFO: 2025-02-05 16:54:39,927: log_options() 'clock_date_font = Serif 30'
INFO: 2025-02-05 16:54:39,927: log_options() 'clock_enabled = False'
INFO: 2025-02-05 16:54:39,927: log_options() 'clock_filter = -density 100 -font `fc-match -f '%{file[0]}' '%CLOCK_FONT_NAME'` -pointsize %CLOCK_FONT_SIZE -gravity SouthEast -fill '#00000044' -annotate 0x0+[%HOFFSET+58]+[%VOFFSET+108] '%H:%M' -fill white -annotate 0x0+[%HOFFSET+60]+[%VOFFSET+110] '%H:%M' -font `fc-match -f '%{file[0]}' '%DATE_FONT_NAME'` -pointsize %DATE_FONT_SIZE -fill '#00000044' -annotate 0x0+[%HOFFSET+58]+[%VOFFSET+58] '%A, %B %d' -fill white -annotate 0x0+[%HOFFSET+60]+[%VOFFSET+60] '%A, %B %d''
INFO: 2025-02-05 16:54:39,927: log_options() 'clock_font = Serif 70'
INFO: 2025-02-05 16:54:39,927: log_options() 'configfile = /home/guptamadhav/.config/variety/hyde/variety.conf'
INFO: 2025-02-05 16:54:39,927: log_options() 'copyto_enabled = False'
INFO: 2025-02-05 16:54:39,927: log_options() 'copyto_folder = Default'
INFO: 2025-02-05 16:54:39,927: log_options() 'desired_color = [160, 160, 160]'
INFO: 2025-02-05 16:54:39,927: log_options() 'desired_color_enabled = False'
INFO: 2025-02-05 16:54:39,927: log_options() 'download_folder = /home/guptamadhav/.config/variety/hyde/Downloaded'
INFO: 2025-02-05 16:54:39,927: log_options() 'download_preference_ratio = 0.9'
INFO: 2025-02-05 16:54:39,927: log_options() 'favorites_folder = /home/guptamadhav/.config/variety/hyde/Favorites'
INFO: 2025-02-05 16:54:39,927: log_options() 'favorites_operations = [['Downloaded', 'Copy'], ['Fetched', 'Move'], ['Others', 'Copy']]'
INFO: 2025-02-05 16:54:39,927: log_options() 'fetched_folder = /home/guptamadhav/.config/variety/hyde/Fetched'
INFO: 2025-02-05 16:54:39,927: log_options() 'filters = [[False, 'Keep original', ''], [False, 'Grayscale', '-type Grayscale'], [False, 'Heavy blur', '-scale 20% -blur 0x10 -resize 500%'], [False, 'Soft blur', '-scale 20% -blur 0x2 -resize 500%'], [False, 'Oil painting', '-paint 8'], [False, 'Pointilism', '-spread 10 -noise 3'], [False, 'Pixellate', '-scale 3% -scale 3333%']]'
INFO: 2025-02-05 16:54:39,927: log_options() 'get_wallpaper_script = /home/guptamadhav/.config/variety/hyde/scripts/get_wallpaper'
INFO: 2025-02-05 16:54:39,928: log_options() 'icon = Light'
INFO: 2025-02-05 16:54:39,928: log_options() 'internet_enabled = False'
INFO: 2025-02-05 16:54:39,928: log_options() 'lightness_enabled = False'
INFO: 2025-02-05 16:54:39,928: log_options() 'lightness_mode = 0'
INFO: 2025-02-05 16:54:39,928: log_options() 'min_rating = 4'
INFO: 2025-02-05 16:54:39,928: log_options() 'min_rating_enabled = False'
INFO: 2025-02-05 16:54:39,928: log_options() 'min_size = 80'
INFO: 2025-02-05 16:54:39,928: log_options() 'min_size_enabled = False'
INFO: 2025-02-05 16:54:39,928: log_options() 'quota_enabled = True'
INFO: 2025-02-05 16:54:39,928: log_options() 'quota_size = 1000'
INFO: 2025-02-05 16:54:39,928: log_options() 'quotes_authors = '
INFO: 2025-02-05 16:54:39,928: log_options() 'quotes_bg_color = [80, 80, 80]'
INFO: 2025-02-05 16:54:39,928: log_options() 'quotes_bg_opacity = 55'
INFO: 2025-02-05 16:54:39,928: log_options() 'quotes_change_enabled = False'
INFO: 2025-02-05 16:54:39,928: log_options() 'quotes_change_interval = 300'
INFO: 2025-02-05 16:54:39,928: log_options() 'quotes_disabled_sources = ['Urban Dictionary']'
INFO: 2025-02-05 16:54:39,928: log_options() 'quotes_enabled = False'
INFO: 2025-02-05 16:54:39,928: log_options() 'quotes_favorites_file = /home/guptamadhav/.config/variety/hyde/favorite_quotes.txt'
INFO: 2025-02-05 16:54:39,928: log_options() 'quotes_font = Serif 30'
INFO: 2025-02-05 16:54:39,928: log_options() 'quotes_hpos = 100'
INFO: 2025-02-05 16:54:39,928: log_options() 'quotes_max_length = 250'
INFO: 2025-02-05 16:54:39,928: log_options() 'quotes_tags = '
INFO: 2025-02-05 16:54:39,928: log_options() 'quotes_text_color = [255, 255, 255]'
INFO: 2025-02-05 16:54:39,928: log_options() 'quotes_text_shadow = False'
INFO: 2025-02-05 16:54:39,928: log_options() 'quotes_vpos = 40'
INFO: 2025-02-05 16:54:39,928: log_options() 'quotes_width = 70'
INFO: 2025-02-05 16:54:39,928: log_options() 'safe_mode = False'
INFO: 2025-02-05 16:54:39,928: log_options() 'set_wallpaper_script = /home/guptamadhav/.config/variety/hyde/scripts/hyde_wallpaper'
INFO: 2025-02-05 16:54:39,928: log_options() 'slideshow_custom_enabled = False'
INFO: 2025-02-05 16:54:39,928: log_options() 'slideshow_custom_folder = /home/guptamadhav/Pictures'
INFO: 2025-02-05 16:54:39,928: log_options() 'slideshow_downloads_enabled = False'
INFO: 2025-02-05 16:54:39,928: log_options() 'slideshow_fade = 0.4'
INFO: 2025-02-05 16:54:39,928: log_options() 'slideshow_favorites_enabled = True'
INFO: 2025-02-05 16:54:39,928: log_options() 'slideshow_mode = Fullscreen'
INFO: 2025-02-05 16:54:39,928: log_options() 'slideshow_monitor = All'
INFO: 2025-02-05 16:54:39,928: log_options() 'slideshow_pan = 0.05'
INFO: 2025-02-05 16:54:39,928: log_options() 'slideshow_seconds = 6.0'
INFO: 2025-02-05 16:54:39,928: log_options() 'slideshow_sort_order = Random'
INFO: 2025-02-05 16:54:39,928: log_options() 'slideshow_sources_enabled = True'
INFO: 2025-02-05 16:54:39,928: log_options() 'slideshow_zoom = 0.2'
INFO: 2025-02-05 16:54:39,928: log_options() 'smart_enabled = False'
INFO: 2025-02-05 16:54:39,928: log_options() 'smart_notice_shown = False'
INFO: 2025-02-05 16:54:39,928: log_options() 'smart_register_shown = False'
INFO: 2025-02-05 16:54:39,928: log_options() 'sources = [[True, 'favorites', 'The Favorites folder'], [True, 'fetched', 'The Fetched folder'], [True, 'folder', '/usr/share/backgrounds'], [False, 'flickr', 'user:www.flickr.com/photos/peter-levi/;user_id:93647178@N00;'], [False, 'apod', "NASA's Astronomy Picture of the Day"], [False, 'bing', 'Bing Photo of the Day'], [False, 'earthview', 'Google Earth View Wallpapers'], [False, 'natgeo', "National Geographic's photo of the day"], [False, 'unsplash', 'High-resolution photos from Unsplash.com']]'
INFO: 2025-02-05 16:54:39,928: log_options() 'stats_enabled = True'
INFO: 2025-02-05 16:54:39,928: log_options() 'stats_notice_shown = False'
INFO: 2025-02-05 16:54:39,928: log_options() 'sync_enabled = True'
INFO: 2025-02-05 16:54:39,928: log_options() 'use_landscape_enabled = True'
INFO: 2025-02-05 16:54:39,928: log_options() 'wallhaven_api_key = '
INFO: 2025-02-05 16:54:39,928: log_options() 'wallpaper_auto_rotate = False'
INFO: 2025-02-05 16:54:39,928: log_options() 'wallpaper_display_mode = os'
INFO: 2025-02-05 16:54:39,928: reload_config() 'No need to clear prepared queue'
INFO: 2025-02-05 16:54:39,928: update_indicator() 'Setting file info to: /usr/share/backgrounds/gnome/adwaita-l.jxl'
INFO: 2025-02-05 16:54:39,929: load_banned() 'Missing or invalid banned URLs list, no URLs will be banned'
INFO: 2025-02-05 16:54:39,929: load_last_change_time() 'Change interval < 6 hours, ignore persisted last_change_time, wait initially the whole interval: 1800'
INFO: 2025-02-05 16:54:39,929: update_indicator() 'Setting file info to: /usr/share/backgrounds/gnome/adwaita-l.jxl'
INFO: 2025-02-05 16:54:39,929: regular_change_thread() 'regular_change thread running'
INFO: 2025-02-05 16:54:39,930: prepare_thread() 'Prepare thread running'
INFO: 2025-02-05 16:54:39,930: prepare_thread() 'Prepared buffer contains 0 images'
INFO: 2025-02-05 16:54:39,930: regular_change_thread() 'regular_change: waiting till user resumes'
INFO: 2025-02-05 16:54:39,930: prepare_thread() 'Preparing some images'
INFO: 2025-02-05 16:54:39,931: update_indicator_icon() 'Creating indicator'
WARNING: 2025-02-05 16:54:39,963: create_menu() 'Variety Slideshow is not installed. This is an optional extension adding pan-and-zoom slideshows to Variety: see https://github.com/peterlevi/variety-slideshow for details'
INFO: 2025-02-05 16:54:39,964: create_indicator() 'indicator backend: AyatanaAppIndicator3'
INFO: 2025-02-05 16:54:39,969: prepare_thread() 'After search prepared buffer contains 24 images'
INFO: 2025-02-05 16:54:39,972: set_from_theme_icon() 'Showing indicator icon variety-indicator from GTK theme'
INFO: 2025-02-05 16:54:40,030: do_set_wp() 'Calling do_set_wp with /usr/share/backgrounds/gnome/adwaita-l.jxl, time: 1738754680.0302377'
INFO: 2025-02-05 16:54:40,030: do_set_wp() 'Missing file or bad permissions, will not use it: /usr/share/backgrounds/gnome/adwaita-l.jxl'
INFO: 2025-02-05 16:54:41,086: reload() 'Reloading preferences dialog'
ERROR: 2025-02-05 16:54:41,086: get_xdg_pictures_folder() 'Could not get path to Pictures folder. Defaulting to ~/Pictures.'
Traceback (most recent call last):
  File "/usr/lib/python3.13/site-packages/variety/Util.py", line 815, in get_xdg_pictures_folder
    raise Exception("Could not get path to Pictures folder. Defaulting to ~/Pictures.")
Exception: Could not get path to Pictures folder. Defaulting to ~/Pictures.
ERROR: 2025-02-05 16:54:41,087: get_xdg_pictures_folder() 'Could not get path to Pictures folder. Defaulting to ~/Pictures.'
Traceback (most recent call last):
  File "/usr/lib/python3.13/site-packages/variety/Util.py", line 815, in get_xdg_pictures_folder
    raise Exception("Could not get path to Pictures folder. Defaulting to ~/Pictures.")
Exception: Could not get path to Pictures folder. Defaulting to ~/Pictures.
ERROR: 2025-02-05 16:54:41,091: get_xdg_pictures_folder() 'Could not get path to Pictures folder. Defaulting to ~/Pictures.'
Traceback (most recent call last):
  File "/usr/lib/python3.13/site-packages/variety/Util.py", line 815, in get_xdg_pictures_folder
    raise Exception("Could not get path to Pictures folder. Defaulting to ~/Pictures.")
Exception: Could not get path to Pictures folder. Defaulting to ~/Pictures.
ERROR: 2025-02-05 16:54:41,091: get_file_icon_name() 'Exception while obtaining folder icon for /home/guptamadhav/Pictures:'
Traceback (most recent call last):
  File "/usr/lib/python3.13/site-packages/variety/Util.py", line 800, in get_file_icon_name
    query_info = f.query_info("standard::icon", Gio.FileQueryInfoFlags.NONE, None)
gi.repository.GLib.GError: g-io-error-quark: Error when getting information for file “/home/guptamadhav/Pictures”: No such file or directory (1)
ERROR: 2025-02-05 16:54:41,092: get_file_icon_name() 'Exception while obtaining folder icon for /home/guptamadhav/Pictures:'
Traceback (most recent call last):
  File "/usr/lib/python3.13/site-packages/variety/Util.py", line 800, in get_file_icon_name
    query_info = f.query_info("standard::icon", Gio.FileQueryInfoFlags.NONE, None)
gi.repository.GLib.GError: g-io-error-quark: Error when getting information for file “/home/guptamadhav/Pictures”: No such file or directory (1)
INFO: 2025-02-05 16:54:41,970: trigger_download() 'Triggering download thread to check if download needed and possible'
INFO: 2025-02-05 16:54:51,850: reload() 'Reloading preferences dialog'
ERROR: 2025-02-05 16:54:51,850: get_xdg_pictures_folder() 'Could not get path to Pictures folder. Defaulting to ~/Pictures.'
Traceback (most recent call last):
  File "/usr/lib/python3.13/site-packages/variety/Util.py", line 815, in get_xdg_pictures_folder
    raise Exception("Could not get path to Pictures folder. Defaulting to ~/Pictures.")
Exception: Could not get path to Pictures folder. Defaulting to ~/Pictures.
ERROR: 2025-02-05 16:54:51,852: get_xdg_pictures_folder() 'Could not get path to Pictures folder. Defaulting to ~/Pictures.'
Traceback (most recent call last):
  File "/usr/lib/python3.13/site-packages/variety/Util.py", line 815, in get_xdg_pictures_folder
    raise Exception("Could not get path to Pictures folder. Defaulting to ~/Pictures.")
Exception: Could not get path to Pictures folder. Defaulting to ~/Pictures.
ERROR: 2025-02-05 16:54:51,853: get_xdg_pictures_folder() 'Could not get path to Pictures folder. Defaulting to ~/Pictures.'
Traceback (most recent call last):
  File "/usr/lib/python3.13/site-packages/variety/Util.py", line 815, in get_xdg_pictures_folder
    raise Exception("Could not get path to Pictures folder. Defaulting to ~/Pictures.")
Exception: Could not get path to Pictures folder. Defaulting to ~/Pictures.
ERROR: 2025-02-05 16:54:51,853: get_file_icon_name() 'Exception while obtaining folder icon for /home/guptamadhav/Pictures:'
Traceback (most recent call last):
  File "/usr/lib/python3.13/site-packages/variety/Util.py", line 800, in get_file_icon_name
    query_info = f.query_info("standard::icon", Gio.FileQueryInfoFlags.NONE, None)
gi.repository.GLib.GError: g-io-error-quark: Error when getting information for file “/home/guptamadhav/Pictures”: No such file or directory (1)
ERROR: 2025-02-05 16:54:51,854: get_file_icon_name() 'Exception while obtaining folder icon for /home/guptamadhav/Pictures:'
Traceback (most recent call last):
  File "/usr/lib/python3.13/site-packages/variety/Util.py", line 800, in get_file_icon_name
    query_info = f.query_info("standard::icon", Gio.FileQueryInfoFlags.NONE, None)
gi.repository.GLib.GError: g-io-error-quark: Error when getting information for file “/home/guptamadhav/Pictures”: No such file or directory (1)
WARNING: 2025-02-05 16:54:52,210: add_image() 'Could not create thumbnail for file /usr/share/backgrounds/gnome/adwaita-l.jxl. File may be missing or invalid.'
INFO: 2025-02-05 16:54:59,856: update_indicator() 'Setting file info to: /usr/share/backgrounds/gnome/adwaita-l.jxl'
INFO: 2025-02-05 16:55:46,227: set_wallpaper() 'Calling set_wallpaper with /home/guptamadhav/.config/variety/hyde/Favorites/anime_skull.png'
INFO: 2025-02-05 16:55:46,228: do_set_wp() 'Calling do_set_wp with /home/guptamadhav/.config/variety/hyde/Favorites/anime_skull.png, time: 1738754746.2281597'
INFO: 2025-02-05 16:55:46,237: update_indicator() 'Setting file info to: /home/guptamadhav/.config/variety/hyde/Favorites/anime_skull.png'
INFO: 2025-02-05 16:55:48,249: set_wallpaper() 'Calling set_wallpaper with /home/guptamadhav/.config/variety/hyde/Favorites/wallhaven-kxe86d_1920x1080.png'
INFO: 2025-02-05 16:55:48,250: do_set_wp() 'Calling do_set_wp with /home/guptamadhav/.config/variety/hyde/Favorites/wallhaven-kxe86d_1920x1080.png, time: 1738754748.250126'
INFO: 2025-02-05 16:55:48,261: update_indicator() 'Setting file info to: /home/guptamadhav/.config/variety/hyde/Favorites/wallhaven-kxe86d_1920x1080.png'
INFO: 2025-02-05 16:55:49,105: set_wallpaper() 'Calling set_wallpaper with /home/guptamadhav/.config/variety/hyde/Favorites/anime_skull.png'
INFO: 2025-02-05 16:55:52,787: set_wallpaper() 'Calling set_wallpaper with /home/guptamadhav/.config/variety/hyde/Favorites/anime_skull.png'
INFO: 2025-02-05 16:55:52,787: do_set_wp() 'Calling do_set_wp with /home/guptamadhav/.config/variety/hyde/Favorites/anime_skull.png, time: 1738754752.7878973'
INFO: 2025-02-05 16:55:52,796: update_indicator() 'Setting file info to: /home/guptamadhav/.config/variety/hyde/Favorites/anime_skull.png'
INFO: 2025-02-05 16:56:00,021: update_indicator() 'Setting file info to: /home/guptamadhav/.config/variety/hyde/Favorites/anime_skull.png'
INFO: 2025-02-05 16:56:14,374: trigger_download() 'Triggering download thread to check if download needed and possible'
INFO: 2025-02-05 17:02:38,311: set_wallpaper() 'Calling set_wallpaper with /home/guptamadhav/.config/variety/hyde/Favorites/wallpaperflare.com_wallpaper (1).jpg'
INFO: 2025-02-05 17:02:38,311: prepare_thread() 'Prepared buffer contains 23 images'
INFO: 2025-02-05 17:02:38,312: do_set_wp() 'Calling do_set_wp with /home/guptamadhav/.config/variety/hyde/Favorites/wallpaperflare.com_wallpaper (1).jpg, time: 1738755158.312109'
INFO: 2025-02-05 17:02:38,320: update_indicator() 'Setting file info to: /home/guptamadhav/.config/variety/hyde/Favorites/wallpaperflare.com_wallpaper (1).jpg'
INFO: 2025-02-05 17:02:40,314: trigger_download() 'Triggering download thread to check if download needed and possible'
INFO: 2025-02-05 17:02:47,184: set_wallpaper() 'Calling set_wallpaper with /home/guptamadhav/.config/variety/hyde/Favorites/225.jpg'
INFO: 2025-02-05 17:02:47,184: prepare_thread() 'Prepared buffer contains 22 images'
INFO: 2025-02-05 17:02:47,185: do_set_wp() 'Calling do_set_wp with /home/guptamadhav/.config/variety/hyde/Favorites/225.jpg, time: 1738755167.185192'
INFO: 2025-02-05 17:02:47,195: update_indicator() 'Setting file info to: /home/guptamadhav/.config/variety/hyde/Favorites/225.jpg'
INFO: 2025-02-05 17:02:49,185: trigger_download() 'Triggering download thread to check if download needed and possible'
INFO: 2025-02-05 17:02:57,701: reload() 'Reloading preferences dialog'
ERROR: 2025-02-05 17:02:57,701: get_xdg_pictures_folder() 'Could not get path to Pictures folder. Defaulting to ~/Pictures.'
Traceback (most recent call last):
  File "/usr/lib/python3.13/site-packages/variety/Util.py", line 815, in get_xdg_pictures_folder
    raise Exception("Could not get path to Pictures folder. Defaulting to ~/Pictures.")
Exception: Could not get path to Pictures folder. Defaulting to ~/Pictures.
ERROR: 2025-02-05 17:02:57,708: get_xdg_pictures_folder() 'Could not get path to Pictures folder. Defaulting to ~/Pictures.'
Traceback (most recent call last):
  File "/usr/lib/python3.13/site-packages/variety/Util.py", line 815, in get_xdg_pictures_folder
    raise Exception("Could not get path to Pictures folder. Defaulting to ~/Pictures.")
Exception: Could not get path to Pictures folder. Defaulting to ~/Pictures.
ERROR: 2025-02-05 17:02:57,710: get_xdg_pictures_folder() 'Could not get path to Pictures folder. Defaulting to ~/Pictures.'
Traceback (most recent call last):
  File "/usr/lib/python3.13/site-packages/variety/Util.py", line 815, in get_xdg_pictures_folder
    raise Exception("Could not get path to Pictures folder. Defaulting to ~/Pictures.")
Exception: Could not get path to Pictures folder. Defaulting to ~/Pictures.
ERROR: 2025-02-05 17:02:57,711: get_file_icon_name() 'Exception while obtaining folder icon for /home/guptamadhav/Pictures:'
Traceback (most recent call last):
  File "/usr/lib/python3.13/site-packages/variety/Util.py", line 800, in get_file_icon_name
    query_info = f.query_info("standard::icon", Gio.FileQueryInfoFlags.NONE, None)
gi.repository.GLib.GError: g-io-error-quark: Error when getting information for file “/home/guptamadhav/Pictures”: No such file or directory (1)
ERROR: 2025-02-05 17:02:57,711: get_file_icon_name() 'Exception while obtaining folder icon for /home/guptamadhav/Pictures:'
Traceback (most recent call last):
  File "/usr/lib/python3.13/site-packages/variety/Util.py", line 800, in get_file_icon_name
    query_info = f.query_info("standard::icon", Gio.FileQueryInfoFlags.NONE, None)
gi.repository.GLib.GError: g-io-error-quark: Error when getting information for file “/home/guptamadhav/Pictures”: No such file or directory (1)
INFO: 2025-02-05 17:03:13,427: apply() 'Applying preferences'
ERROR: 2025-02-05 17:03:13,427: get_xdg_pictures_folder() 'Could not get path to Pictures folder. Defaulting to ~/Pictures.'
Traceback (most recent call last):
  File "/usr/lib/python3.13/site-packages/variety/Util.py", line 815, in get_xdg_pictures_folder
    raise Exception("Could not get path to Pictures folder. Defaulting to ~/Pictures.")
Exception: Could not get path to Pictures folder. Defaulting to ~/Pictures.
ERROR: 2025-02-05 17:03:13,428: get_xdg_pictures_folder() 'Could not get path to Pictures folder. Defaulting to ~/Pictures.'
Traceback (most recent call last):
  File "/usr/lib/python3.13/site-packages/variety/Util.py", line 815, in get_xdg_pictures_folder
    raise Exception("Could not get path to Pictures folder. Defaulting to ~/Pictures.")
Exception: Could not get path to Pictures folder. Defaulting to ~/Pictures.
ERROR: 2025-02-05 17:03:13,429: get_xdg_pictures_folder() 'Could not get path to Pictures folder. Defaulting to ~/Pictures.'
Traceback (most recent call last):
  File "/usr/lib/python3.13/site-packages/variety/Util.py", line 815, in get_xdg_pictures_folder
    raise Exception("Could not get path to Pictures folder. Defaulting to ~/Pictures.")
Exception: Could not get path to Pictures folder. Defaulting to ~/Pictures.
ERROR: 2025-02-05 17:03:13,431: get_xdg_pictures_folder() 'Could not get path to Pictures folder. Defaulting to ~/Pictures.'
Traceback (most recent call last):
  File "/usr/lib/python3.13/site-packages/variety/Util.py", line 815, in get_xdg_pictures_folder
    raise Exception("Could not get path to Pictures folder. Defaulting to ~/Pictures.")
Exception: Could not get path to Pictures folder. Defaulting to ~/Pictures.
ERROR: 2025-02-05 17:03:13,433: get_xdg_pictures_folder() 'Could not get path to Pictures folder. Defaulting to ~/Pictures.'
Traceback (most recent call last):
  File "/usr/lib/python3.13/site-packages/variety/Util.py", line 815, in get_xdg_pictures_folder
    raise Exception("Could not get path to Pictures folder. Defaulting to ~/Pictures.")
Exception: Could not get path to Pictures folder. Defaulting to ~/Pictures.
INFO: 2025-02-05 17:03:13,433: log_options() 'Loaded options:'
INFO: 2025-02-05 17:03:13,433: set_visible() 'Showing indicator icon'
INFO: 2025-02-05 17:03:13,434: log_options() 'change_enabled = False'
INFO: 2025-02-05 17:03:13,434: log_options() 'change_interval = 1800'
INFO: 2025-02-05 17:03:13,434: log_options() 'change_on_start = False'
INFO: 2025-02-05 17:03:13,434: log_options() 'clipboard_enabled = False'
INFO: 2025-02-05 17:03:13,434: log_options() 'clipboard_hosts = ['wallhaven.cc', 'wallpapers.net', 'flickr.com', 'imgur.com', 'deviantart.com', 'interfacelift.com', 'vladstudio.com', 'imageshack.us', 'deviantart.net', 'imageshack.com']'
INFO: 2025-02-05 17:03:13,434: log_options() 'clipboard_use_whitelist = True'
INFO: 2025-02-05 17:03:13,434: log_options() 'clock_date_font = Serif 30'
INFO: 2025-02-05 17:03:13,434: log_options() 'clock_enabled = False'
INFO: 2025-02-05 17:03:13,434: log_options() 'clock_filter = -density 100 -font `fc-match -f '%{file[0]}' '%CLOCK_FONT_NAME'` -pointsize %CLOCK_FONT_SIZE -gravity SouthEast -fill '#00000044' -annotate 0x0+[%HOFFSET+58]+[%VOFFSET+108] '%H:%M' -fill white -annotate 0x0+[%HOFFSET+60]+[%VOFFSET+110] '%H:%M' -font `fc-match -f '%{file[0]}' '%DATE_FONT_NAME'` -pointsize %DATE_FONT_SIZE -fill '#00000044' -annotate 0x0+[%HOFFSET+58]+[%VOFFSET+58] '%A, %B %d' -fill white -annotate 0x0+[%HOFFSET+60]+[%VOFFSET+60] '%A, %B %d''
INFO: 2025-02-05 17:03:13,434: log_options() 'clock_font = Serif 70'
INFO: 2025-02-05 17:03:13,434: log_options() 'configfile = /home/guptamadhav/.config/variety/hyde/variety.conf'
INFO: 2025-02-05 17:03:13,434: log_options() 'copyto_enabled = False'
INFO: 2025-02-05 17:03:13,434: log_options() 'copyto_folder = Default'
INFO: 2025-02-05 17:03:13,434: log_options() 'desired_color = [160, 160, 160]'
INFO: 2025-02-05 17:03:13,434: log_options() 'desired_color_enabled = False'
INFO: 2025-02-05 17:03:13,434: log_options() 'download_folder = /home/guptamadhav/.config/variety/hyde/Downloaded'
INFO: 2025-02-05 17:03:13,434: log_options() 'download_preference_ratio = 0.9'
INFO: 2025-02-05 17:03:13,434: log_options() 'favorites_folder = /home/guptamadhav/.config/variety/hyde/Favorites'
INFO: 2025-02-05 17:03:13,434: log_options() 'favorites_operations = [['Downloaded', 'Copy'], ['Fetched', 'Move'], ['Others', 'Copy']]'
INFO: 2025-02-05 17:03:13,434: log_options() 'fetched_folder = /home/guptamadhav/.config/variety/hyde/Fetched'
INFO: 2025-02-05 17:03:13,434: log_options() 'filters = [[False, 'Keep original', ''], [False, 'Grayscale', '-type Grayscale'], [False, 'Heavy blur', '-scale 20% -blur 0x10 -resize 500%'], [False, 'Soft blur', '-scale 20% -blur 0x2 -resize 500%'], [False, 'Oil painting', '-paint 8'], [False, 'Pointilism', '-spread 10 -noise 3'], [False, 'Pixellate', '-scale 3% -scale 3333%']]'
INFO: 2025-02-05 17:03:13,434: log_options() 'get_wallpaper_script = /home/guptamadhav/.config/variety/hyde/scripts/get_wallpaper'
INFO: 2025-02-05 17:03:13,434: log_options() 'icon = Light'
INFO: 2025-02-05 17:03:13,434: log_options() 'internet_enabled = False'
INFO: 2025-02-05 17:03:13,434: log_options() 'lightness_enabled = False'
INFO: 2025-02-05 17:03:13,434: log_options() 'lightness_mode = 0'
INFO: 2025-02-05 17:03:13,434: log_options() 'min_rating = 4'
INFO: 2025-02-05 17:03:13,434: log_options() 'min_rating_enabled = False'
INFO: 2025-02-05 17:03:13,435: log_options() 'min_size = 80'
INFO: 2025-02-05 17:03:13,435: log_options() 'min_size_enabled = False'
INFO: 2025-02-05 17:03:13,435: log_options() 'quota_enabled = True'
INFO: 2025-02-05 17:03:13,435: log_options() 'quota_size = 1000'
INFO: 2025-02-05 17:03:13,435: log_options() 'quotes_authors = '
INFO: 2025-02-05 17:03:13,435: log_options() 'quotes_bg_color = [80, 80, 80]'
INFO: 2025-02-05 17:03:13,435: log_options() 'quotes_bg_opacity = 55'
INFO: 2025-02-05 17:03:13,435: log_options() 'quotes_change_enabled = False'
INFO: 2025-02-05 17:03:13,435: log_options() 'quotes_change_interval = 300'
INFO: 2025-02-05 17:03:13,435: log_options() 'quotes_disabled_sources = ['Urban Dictionary']'
INFO: 2025-02-05 17:03:13,435: set_from_theme_icon() 'Showing indicator icon variety-indicator from GTK theme'
INFO: 2025-02-05 17:03:13,435: log_options() 'quotes_enabled = False'
INFO: 2025-02-05 17:03:13,435: log_options() 'quotes_favorites_file = /home/guptamadhav/.config/variety/hyde/favorite_quotes.txt'
INFO: 2025-02-05 17:03:13,435: log_options() 'quotes_font = Serif 30'
INFO: 2025-02-05 17:03:13,435: log_options() 'quotes_hpos = 100'
INFO: 2025-02-05 17:03:13,435: log_options() 'quotes_max_length = 250'
INFO: 2025-02-05 17:03:13,435: log_options() 'quotes_tags = '
INFO: 2025-02-05 17:03:13,435: log_options() 'quotes_text_color = [255, 255, 255]'
INFO: 2025-02-05 17:03:13,435: log_options() 'quotes_text_shadow = False'
INFO: 2025-02-05 17:03:13,435: log_options() 'quotes_vpos = 40'
INFO: 2025-02-05 17:03:13,435: log_options() 'quotes_width = 70'
INFO: 2025-02-05 17:03:13,435: log_options() 'safe_mode = False'
INFO: 2025-02-05 17:03:13,435: log_options() 'set_wallpaper_script = /home/guptamadhav/.config/variety/hyde/scripts/hyde_wallpaper'
INFO: 2025-02-05 17:03:13,435: log_options() 'slideshow_custom_enabled = False'
INFO: 2025-02-05 17:03:13,435: log_options() 'slideshow_custom_folder = /home/guptamadhav/Pictures'
INFO: 2025-02-05 17:03:13,435: log_options() 'slideshow_downloads_enabled = False'
INFO: 2025-02-05 17:03:13,435: log_options() 'slideshow_fade = 0.4'
INFO: 2025-02-05 17:03:13,435: log_options() 'slideshow_favorites_enabled = True'
INFO: 2025-02-05 17:03:13,435: log_options() 'slideshow_mode = Fullscreen'
INFO: 2025-02-05 17:03:13,435: log_options() 'slideshow_monitor = All'
INFO: 2025-02-05 17:03:13,435: log_options() 'slideshow_pan = 0.05'
INFO: 2025-02-05 17:03:13,435: log_options() 'slideshow_seconds = 6.0'
INFO: 2025-02-05 17:03:13,435: log_options() 'slideshow_sort_order = Random'
INFO: 2025-02-05 17:03:13,435: log_options() 'slideshow_sources_enabled = True'
INFO: 2025-02-05 17:03:13,435: log_options() 'slideshow_zoom = 0.2'
INFO: 2025-02-05 17:03:13,435: log_options() 'smart_enabled = False'
INFO: 2025-02-05 17:03:13,435: log_options() 'smart_notice_shown = False'
INFO: 2025-02-05 17:03:13,435: log_options() 'smart_register_shown = False'
INFO: 2025-02-05 17:03:13,435: log_options() 'sources = [[False, 'favorites', 'The Favorites folder'], [True, 'fetched', 'The Fetched folder'], [True, 'folder', '/usr/share/backgrounds'], [False, 'flickr', 'user:www.flickr.com/photos/peter-levi/;user_id:93647178@N00;'], [False, 'apod', "NASA's Astronomy Picture of the Day"], [False, 'bing', 'Bing Photo of the Day'], [False, 'earthview', 'Google Earth View Wallpapers'], [False, 'natgeo', "National Geographic's photo of the day"], [False, 'unsplash', 'High-resolution photos from Unsplash.com']]'
INFO: 2025-02-05 17:03:13,435: log_options() 'stats_enabled = True'
INFO: 2025-02-05 17:03:13,435: log_options() 'stats_notice_shown = False'
INFO: 2025-02-05 17:03:13,435: log_options() 'sync_enabled = True'
INFO: 2025-02-05 17:03:13,436: log_options() 'use_landscape_enabled = True'
INFO: 2025-02-05 17:03:13,436: log_options() 'wallhaven_api_key = '
INFO: 2025-02-05 17:03:13,436: log_options() 'wallpaper_auto_rotate = False'
INFO: 2025-02-05 17:03:13,436: log_options() 'wallpaper_display_mode = os'
INFO: 2025-02-05 17:03:13,436: clear_prepared_queue() 'Clearing prepared queue'
INFO: 2025-02-05 17:03:13,436: update_indicator() 'Setting file info to: /home/guptamadhav/.config/variety/hyde/Favorites/225.jpg'
INFO: 2025-02-05 17:03:13,436: prepare_thread() 'Prepared buffer contains 0 images'
INFO: 2025-02-05 17:03:13,436: prepare_thread() 'Preparing some images'
INFO: 2025-02-05 17:03:13,436: prepare_thread() 'After search prepared buffer contains 0 images'
INFO: 2025-02-05 17:03:13,437: prepare_thread() 'Prepared buffer contains 0 images'
INFO: 2025-02-05 17:03:13,437: regular_change_thread() 'regular_change: waiting till user resumes'
INFO: 2025-02-05 17:03:13,437: prepare_thread() 'Preparing some images'
INFO: 2025-02-05 17:03:13,438: prepare_thread() 'After search prepared buffer contains 0 images'
INFO: 2025-02-05 17:03:13,537: do_set_wp() 'Calling do_set_wp with /home/guptamadhav/.config/variety/hyde/Favorites/225.jpg, time: 1738755193.537766'
INFO: 2025-02-05 17:03:13,547: update_indicator() 'Setting file info to: /home/guptamadhav/.config/variety/hyde/Favorites/225.jpg'
INFO: 2025-02-05 17:03:13,774: set_wallpaper() 'Calling set_wallpaper with /home/guptamadhav/.config/variety/hyde/Favorites/image.png'
INFO: 2025-02-05 17:03:14,538: do_set_wp() 'Calling do_set_wp with /home/guptamadhav/.config/variety/hyde/Favorites/image.png, time: 1738755194.5380452'
INFO: 2025-02-05 17:03:14,556: update_indicator() 'Setting file info to: /home/guptamadhav/.config/variety/hyde/Favorites/image.png'
INFO: 2025-02-05 17:03:15,436: trigger_download() 'Triggering download thread to check if download needed and possible'
INFO: 2025-02-05 17:03:15,438: trigger_download() 'Triggering download thread to check if download needed and possible'
INFO: 2025-02-05 17:03:20,159: apply() 'Applying preferences'
ERROR: 2025-02-05 17:03:20,159: get_xdg_pictures_folder() 'Could not get path to Pictures folder. Defaulting to ~/Pictures.'
Traceback (most recent call last):
  File "/usr/lib/python3.13/site-packages/variety/Util.py", line 815, in get_xdg_pictures_folder
    raise Exception("Could not get path to Pictures folder. Defaulting to ~/Pictures.")
Exception: Could not get path to Pictures folder. Defaulting to ~/Pictures.
ERROR: 2025-02-05 17:03:20,161: get_xdg_pictures_folder() 'Could not get path to Pictures folder. Defaulting to ~/Pictures.'
Traceback (most recent call last):
  File "/usr/lib/python3.13/site-packages/variety/Util.py", line 815, in get_xdg_pictures_folder
    raise Exception("Could not get path to Pictures folder. Defaulting to ~/Pictures.")
Exception: Could not get path to Pictures folder. Defaulting to ~/Pictures.
ERROR: 2025-02-05 17:03:20,162: get_xdg_pictures_folder() 'Could not get path to Pictures folder. Defaulting to ~/Pictures.'
Traceback (most recent call last):
  File "/usr/lib/python3.13/site-packages/variety/Util.py", line 815, in get_xdg_pictures_folder
    raise Exception("Could not get path to Pictures folder. Defaulting to ~/Pictures.")
Exception: Could not get path to Pictures folder. Defaulting to ~/Pictures.
ERROR: 2025-02-05 17:03:20,163: get_xdg_pictures_folder() 'Could not get path to Pictures folder. Defaulting to ~/Pictures.'
Traceback (most recent call last):
  File "/usr/lib/python3.13/site-packages/variety/Util.py", line 815, in get_xdg_pictures_folder
    raise Exception("Could not get path to Pictures folder. Defaulting to ~/Pictures.")
Exception: Could not get path to Pictures folder. Defaulting to ~/Pictures.
ERROR: 2025-02-05 17:03:20,164: get_xdg_pictures_folder() 'Could not get path to Pictures folder. Defaulting to ~/Pictures.'
Traceback (most recent call last):
  File "/usr/lib/python3.13/site-packages/variety/Util.py", line 815, in get_xdg_pictures_folder
    raise Exception("Could not get path to Pictures folder. Defaulting to ~/Pictures.")
Exception: Could not get path to Pictures folder. Defaulting to ~/Pictures.
INFO: 2025-02-05 17:03:20,165: set_visible() 'Showing indicator icon'
INFO: 2025-02-05 17:03:20,165: log_options() 'Loaded options:'
INFO: 2025-02-05 17:03:20,165: log_options() 'change_enabled = False'
INFO: 2025-02-05 17:03:20,165: log_options() 'change_interval = 1800'
INFO: 2025-02-05 17:03:20,165: log_options() 'change_on_start = False'
INFO: 2025-02-05 17:03:20,165: log_options() 'clipboard_enabled = False'
INFO: 2025-02-05 17:03:20,165: log_options() 'clipboard_hosts = ['wallhaven.cc', 'wallpapers.net', 'flickr.com', 'imgur.com', 'deviantart.com', 'interfacelift.com', 'vladstudio.com', 'imageshack.us', 'deviantart.net', 'imageshack.com']'
INFO: 2025-02-05 17:03:20,165: log_options() 'clipboard_use_whitelist = True'
INFO: 2025-02-05 17:03:20,165: log_options() 'clock_date_font = Serif 30'
INFO: 2025-02-05 17:03:20,165: log_options() 'clock_enabled = False'
INFO: 2025-02-05 17:03:20,165: log_options() 'clock_filter = -density 100 -font `fc-match -f '%{file[0]}' '%CLOCK_FONT_NAME'` -pointsize %CLOCK_FONT_SIZE -gravity SouthEast -fill '#00000044' -annotate 0x0+[%HOFFSET+58]+[%VOFFSET+108] '%H:%M' -fill white -annotate 0x0+[%HOFFSET+60]+[%VOFFSET+110] '%H:%M' -font `fc-match -f '%{file[0]}' '%DATE_FONT_NAME'` -pointsize %DATE_FONT_SIZE -fill '#00000044' -annotate 0x0+[%HOFFSET+58]+[%VOFFSET+58] '%A, %B %d' -fill white -annotate 0x0+[%HOFFSET+60]+[%VOFFSET+60] '%A, %B %d''
INFO: 2025-02-05 17:03:20,165: set_from_theme_icon() 'Showing indicator icon variety-indicator from GTK theme'
INFO: 2025-02-05 17:03:20,165: log_options() 'clock_font = Serif 70'
INFO: 2025-02-05 17:03:20,165: log_options() 'configfile = /home/guptamadhav/.config/variety/hyde/variety.conf'
INFO: 2025-02-05 17:03:20,165: log_options() 'copyto_enabled = False'
INFO: 2025-02-05 17:03:20,165: log_options() 'copyto_folder = Default'
INFO: 2025-02-05 17:03:20,165: log_options() 'desired_color = [160, 160, 160]'
INFO: 2025-02-05 17:03:20,165: log_options() 'desired_color_enabled = False'
INFO: 2025-02-05 17:03:20,165: log_options() 'download_folder = /home/guptamadhav/.config/variety/hyde/Downloaded'
INFO: 2025-02-05 17:03:20,165: log_options() 'download_preference_ratio = 0.9'
INFO: 2025-02-05 17:03:20,165: log_options() 'favorites_folder = /home/guptamadhav/.config/variety/hyde/Favorites'
INFO: 2025-02-05 17:03:20,165: log_options() 'favorites_operations = [['Downloaded', 'Copy'], ['Fetched', 'Move'], ['Others', 'Copy']]'
INFO: 2025-02-05 17:03:20,165: log_options() 'fetched_folder = /home/guptamadhav/.config/variety/hyde/Fetched'
INFO: 2025-02-05 17:03:20,165: log_options() 'filters = [[False, 'Keep original', ''], [False, 'Grayscale', '-type Grayscale'], [False, 'Heavy blur', '-scale 20% -blur 0x10 -resize 500%'], [False, 'Soft blur', '-scale 20% -blur 0x2 -resize 500%'], [False, 'Oil painting', '-paint 8'], [False, 'Pointilism', '-spread 10 -noise 3'], [False, 'Pixellate', '-scale 3% -scale 3333%']]'
INFO: 2025-02-05 17:03:20,165: log_options() 'get_wallpaper_script = /home/guptamadhav/.config/variety/hyde/scripts/get_wallpaper'
INFO: 2025-02-05 17:03:20,165: log_options() 'icon = Light'
INFO: 2025-02-05 17:03:20,165: log_options() 'internet_enabled = False'
INFO: 2025-02-05 17:03:20,165: log_options() 'lightness_enabled = False'
INFO: 2025-02-05 17:03:20,166: log_options() 'lightness_mode = 0'
INFO: 2025-02-05 17:03:20,166: log_options() 'min_rating = 4'
INFO: 2025-02-05 17:03:20,166: log_options() 'min_rating_enabled = False'
INFO: 2025-02-05 17:03:20,166: log_options() 'min_size = 80'
INFO: 2025-02-05 17:03:20,166: log_options() 'min_size_enabled = False'
INFO: 2025-02-05 17:03:20,166: log_options() 'quota_enabled = True'
INFO: 2025-02-05 17:03:20,166: log_options() 'quota_size = 1000'
INFO: 2025-02-05 17:03:20,166: log_options() 'quotes_authors = '
INFO: 2025-02-05 17:03:20,166: log_options() 'quotes_bg_color = [80, 80, 80]'
INFO: 2025-02-05 17:03:20,166: log_options() 'quotes_bg_opacity = 55'
INFO: 2025-02-05 17:03:20,166: log_options() 'quotes_change_enabled = False'
INFO: 2025-02-05 17:03:20,166: log_options() 'quotes_change_interval = 300'
INFO: 2025-02-05 17:03:20,166: log_options() 'quotes_disabled_sources = ['Urban Dictionary']'
INFO: 2025-02-05 17:03:20,166: log_options() 'quotes_enabled = False'
INFO: 2025-02-05 17:03:20,166: log_options() 'quotes_favorites_file = /home/guptamadhav/.config/variety/hyde/favorite_quotes.txt'
INFO: 2025-02-05 17:03:20,166: log_options() 'quotes_font = Serif 30'
INFO: 2025-02-05 17:03:20,166: log_options() 'quotes_hpos = 100'
INFO: 2025-02-05 17:03:20,166: log_options() 'quotes_max_length = 250'
INFO: 2025-02-05 17:03:20,166: log_options() 'quotes_tags = '
INFO: 2025-02-05 17:03:20,166: log_options() 'quotes_text_color = [255, 255, 255]'
INFO: 2025-02-05 17:03:20,166: log_options() 'quotes_text_shadow = False'
INFO: 2025-02-05 17:03:20,166: log_options() 'quotes_vpos = 40'
INFO: 2025-02-05 17:03:20,166: log_options() 'quotes_width = 70'
INFO: 2025-02-05 17:03:20,166: log_options() 'safe_mode = False'
INFO: 2025-02-05 17:03:20,166: log_options() 'set_wallpaper_script = /home/guptamadhav/.config/variety/hyde/scripts/hyde_wallpaper'
INFO: 2025-02-05 17:03:20,166: log_options() 'slideshow_custom_enabled = False'
INFO: 2025-02-05 17:03:20,166: log_options() 'slideshow_custom_folder = /home/guptamadhav/Pictures'
INFO: 2025-02-05 17:03:20,166: log_options() 'slideshow_downloads_enabled = False'
INFO: 2025-02-05 17:03:20,166: log_options() 'slideshow_fade = 0.4'
INFO: 2025-02-05 17:03:20,166: log_options() 'slideshow_favorites_enabled = True'
INFO: 2025-02-05 17:03:20,166: log_options() 'slideshow_mode = Fullscreen'
INFO: 2025-02-05 17:03:20,166: log_options() 'slideshow_monitor = All'
INFO: 2025-02-05 17:03:20,166: log_options() 'slideshow_pan = 0.05'
INFO: 2025-02-05 17:03:20,166: log_options() 'slideshow_seconds = 6.0'
INFO: 2025-02-05 17:03:20,166: log_options() 'slideshow_sort_order = Random'
INFO: 2025-02-05 17:03:20,166: log_options() 'slideshow_sources_enabled = True'
INFO: 2025-02-05 17:03:20,166: log_options() 'slideshow_zoom = 0.2'
INFO: 2025-02-05 17:03:20,166: log_options() 'smart_enabled = False'
INFO: 2025-02-05 17:03:20,166: log_options() 'smart_notice_shown = False'
INFO: 2025-02-05 17:03:20,166: log_options() 'smart_register_shown = False'
INFO: 2025-02-05 17:03:20,166: log_options() 'sources = [[False, 'favorites', 'The Favorites folder'], [False, 'fetched', 'The Fetched folder'], [True, 'folder', '/usr/share/backgrounds'], [False, 'flickr', 'user:www.flickr.com/photos/peter-levi/;user_id:93647178@N00;'], [False, 'apod', "NASA's Astronomy Picture of the Day"], [False, 'bing', 'Bing Photo of the Day'], [False, 'earthview', 'Google Earth View Wallpapers'], [False, 'natgeo', "National Geographic's photo of the day"], [False, 'unsplash', 'High-resolution photos from Unsplash.com']]'
INFO: 2025-02-05 17:03:20,166: log_options() 'stats_enabled = True'
INFO: 2025-02-05 17:03:20,166: log_options() 'stats_notice_shown = False'
INFO: 2025-02-05 17:03:20,166: log_options() 'sync_enabled = True'
INFO: 2025-02-05 17:03:20,166: log_options() 'use_landscape_enabled = True'
INFO: 2025-02-05 17:03:20,166: log_options() 'wallhaven_api_key = '
INFO: 2025-02-05 17:03:20,166: log_options() 'wallpaper_auto_rotate = False'
INFO: 2025-02-05 17:03:20,166: log_options() 'wallpaper_display_mode = os'
INFO: 2025-02-05 17:03:20,166: clear_prepared_queue() 'Clearing prepared queue'
INFO: 2025-02-05 17:03:20,166: update_indicator() 'Setting file info to: /home/guptamadhav/.config/variety/hyde/Favorites/image.png'
INFO: 2025-02-05 17:03:20,167: prepare_thread() 'Prepared buffer contains 0 images'
INFO: 2025-02-05 17:03:20,167: prepare_thread() 'Preparing some images'
INFO: 2025-02-05 17:03:20,167: prepare_thread() 'After search prepared buffer contains 0 images'
INFO: 2025-02-05 17:03:20,168: regular_change_thread() 'regular_change: waiting till user resumes'
INFO: 2025-02-05 17:03:20,168: prepare_thread() 'Prepared buffer contains 0 images'
INFO: 2025-02-05 17:03:20,169: prepare_thread() 'Preparing some images'
INFO: 2025-02-05 17:03:20,169: prepare_thread() 'After search prepared buffer contains 0 images'
INFO: 2025-02-05 17:03:20,268: do_set_wp() 'Calling do_set_wp with /home/guptamadhav/.config/variety/hyde/Favorites/image.png, time: 1738755200.2687685'
INFO: 2025-02-05 17:03:20,277: update_indicator() 'Setting file info to: /home/guptamadhav/.config/variety/hyde/Favorites/image.png'
INFO: 2025-02-05 17:03:20,360: update_indicator() 'Setting file info to: /home/guptamadhav/.config/variety/hyde/Favorites/image.png'
INFO: 2025-02-05 17:03:22,168: trigger_download() 'Triggering download thread to check if download needed and possible'
INFO: 2025-02-05 17:03:22,169: trigger_download() 'Triggering download thread to check if download needed and possible'
INFO: 2025-02-05 17:03:22,448: apply() 'Applying preferences'
ERROR: 2025-02-05 17:03:22,449: get_xdg_pictures_folder() 'Could not get path to Pictures folder. Defaulting to ~/Pictures.'
Traceback (most recent call last):
  File "/usr/lib/python3.13/site-packages/variety/Util.py", line 815, in get_xdg_pictures_folder
    raise Exception("Could not get path to Pictures folder. Defaulting to ~/Pictures.")
Exception: Could not get path to Pictures folder. Defaulting to ~/Pictures.
ERROR: 2025-02-05 17:03:22,450: get_xdg_pictures_folder() 'Could not get path to Pictures folder. Defaulting to ~/Pictures.'
Traceback (most recent call last):
  File "/usr/lib/python3.13/site-packages/variety/Util.py", line 815, in get_xdg_pictures_folder
    raise Exception("Could not get path to Pictures folder. Defaulting to ~/Pictures.")
Exception: Could not get path to Pictures folder. Defaulting to ~/Pictures.
ERROR: 2025-02-05 17:03:22,451: get_xdg_pictures_folder() 'Could not get path to Pictures folder. Defaulting to ~/Pictures.'
Traceback (most recent call last):
  File "/usr/lib/python3.13/site-packages/variety/Util.py", line 815, in get_xdg_pictures_folder
    raise Exception("Could not get path to Pictures folder. Defaulting to ~/Pictures.")
Exception: Could not get path to Pictures folder. Defaulting to ~/Pictures.
ERROR: 2025-02-05 17:03:22,453: get_xdg_pictures_folder() 'Could not get path to Pictures folder. Defaulting to ~/Pictures.'
Traceback (most recent call last):
  File "/usr/lib/python3.13/site-packages/variety/Util.py", line 815, in get_xdg_pictures_folder
    raise Exception("Could not get path to Pictures folder. Defaulting to ~/Pictures.")
Exception: Could not get path to Pictures folder. Defaulting to ~/Pictures.
ERROR: 2025-02-05 17:03:22,453: get_xdg_pictures_folder() 'Could not get path to Pictures folder. Defaulting to ~/Pictures.'
Traceback (most recent call last):
  File "/usr/lib/python3.13/site-packages/variety/Util.py", line 815, in get_xdg_pictures_folder
    raise Exception("Could not get path to Pictures folder. Defaulting to ~/Pictures.")
Exception: Could not get path to Pictures folder. Defaulting to ~/Pictures.
INFO: 2025-02-05 17:03:22,454: set_visible() 'Showing indicator icon'
INFO: 2025-02-05 17:03:22,454: log_options() 'Loaded options:'
INFO: 2025-02-05 17:03:22,454: log_options() 'change_enabled = False'
INFO: 2025-02-05 17:03:22,454: log_options() 'change_interval = 1800'
INFO: 2025-02-05 17:03:22,454: set_from_theme_icon() 'Showing indicator icon variety-indicator from GTK theme'
INFO: 2025-02-05 17:03:22,454: log_options() 'change_on_start = False'
INFO: 2025-02-05 17:03:22,454: log_options() 'clipboard_enabled = False'
INFO: 2025-02-05 17:03:22,454: log_options() 'clipboard_hosts = ['wallhaven.cc', 'wallpapers.net', 'flickr.com', 'imgur.com', 'deviantart.com', 'interfacelift.com', 'vladstudio.com', 'imageshack.us', 'deviantart.net', 'imageshack.com']'
INFO: 2025-02-05 17:03:22,454: log_options() 'clipboard_use_whitelist = True'
INFO: 2025-02-05 17:03:22,454: log_options() 'clock_date_font = Serif 30'
INFO: 2025-02-05 17:03:22,454: log_options() 'clock_enabled = False'
INFO: 2025-02-05 17:03:22,454: log_options() 'clock_filter = -density 100 -font `fc-match -f '%{file[0]}' '%CLOCK_FONT_NAME'` -pointsize %CLOCK_FONT_SIZE -gravity SouthEast -fill '#00000044' -annotate 0x0+[%HOFFSET+58]+[%VOFFSET+108] '%H:%M' -fill white -annotate 0x0+[%HOFFSET+60]+[%VOFFSET+110] '%H:%M' -font `fc-match -f '%{file[0]}' '%DATE_FONT_NAME'` -pointsize %DATE_FONT_SIZE -fill '#00000044' -annotate 0x0+[%HOFFSET+58]+[%VOFFSET+58] '%A, %B %d' -fill white -annotate 0x0+[%HOFFSET+60]+[%VOFFSET+60] '%A, %B %d''
INFO: 2025-02-05 17:03:22,454: log_options() 'clock_font = Serif 70'
INFO: 2025-02-05 17:03:22,454: log_options() 'configfile = /home/guptamadhav/.config/variety/hyde/variety.conf'
INFO: 2025-02-05 17:03:22,455: log_options() 'copyto_enabled = False'
INFO: 2025-02-05 17:03:22,455: log_options() 'copyto_folder = Default'
INFO: 2025-02-05 17:03:22,455: log_options() 'desired_color = [160, 160, 160]'
INFO: 2025-02-05 17:03:22,455: log_options() 'desired_color_enabled = False'
INFO: 2025-02-05 17:03:22,455: log_options() 'download_folder = /home/guptamadhav/.config/variety/hyde/Downloaded'
INFO: 2025-02-05 17:03:22,455: log_options() 'download_preference_ratio = 0.9'
INFO: 2025-02-05 17:03:22,455: log_options() 'favorites_folder = /home/guptamadhav/.config/variety/hyde/Favorites'
INFO: 2025-02-05 17:03:22,455: log_options() 'favorites_operations = [['Downloaded', 'Copy'], ['Fetched', 'Move'], ['Others', 'Copy']]'
INFO: 2025-02-05 17:03:22,455: log_options() 'fetched_folder = /home/guptamadhav/.config/variety/hyde/Fetched'
INFO: 2025-02-05 17:03:22,455: log_options() 'filters = [[False, 'Keep original', ''], [False, 'Grayscale', '-type Grayscale'], [False, 'Heavy blur', '-scale 20% -blur 0x10 -resize 500%'], [False, 'Soft blur', '-scale 20% -blur 0x2 -resize 500%'], [False, 'Oil painting', '-paint 8'], [False, 'Pointilism', '-spread 10 -noise 3'], [False, 'Pixellate', '-scale 3% -scale 3333%']]'
INFO: 2025-02-05 17:03:22,455: log_options() 'get_wallpaper_script = /home/guptamadhav/.config/variety/hyde/scripts/get_wallpaper'
INFO: 2025-02-05 17:03:22,455: log_options() 'icon = Light'
INFO: 2025-02-05 17:03:22,455: log_options() 'internet_enabled = False'
INFO: 2025-02-05 17:03:22,455: log_options() 'lightness_enabled = False'
INFO: 2025-02-05 17:03:22,455: log_options() 'lightness_mode = 0'
INFO: 2025-02-05 17:03:22,455: log_options() 'min_rating = 4'
INFO: 2025-02-05 17:03:22,455: log_options() 'min_rating_enabled = False'
INFO: 2025-02-05 17:03:22,455: log_options() 'min_size = 80'
INFO: 2025-02-05 17:03:22,455: log_options() 'min_size_enabled = False'
INFO: 2025-02-05 17:03:22,455: log_options() 'quota_enabled = True'
INFO: 2025-02-05 17:03:22,455: log_options() 'quota_size = 1000'
INFO: 2025-02-05 17:03:22,455: log_options() 'quotes_authors = '
INFO: 2025-02-05 17:03:22,455: log_options() 'quotes_bg_color = [80, 80, 80]'
INFO: 2025-02-05 17:03:22,455: log_options() 'quotes_bg_opacity = 55'
INFO: 2025-02-05 17:03:22,455: log_options() 'quotes_change_enabled = False'
INFO: 2025-02-05 17:03:22,455: log_options() 'quotes_change_interval = 300'
INFO: 2025-02-05 17:03:22,455: log_options() 'quotes_disabled_sources = ['Urban Dictionary']'
INFO: 2025-02-05 17:03:22,455: log_options() 'quotes_enabled = False'
INFO: 2025-02-05 17:03:22,455: log_options() 'quotes_favorites_file = /home/guptamadhav/.config/variety/hyde/favorite_quotes.txt'
INFO: 2025-02-05 17:03:22,455: log_options() 'quotes_font = Serif 30'
INFO: 2025-02-05 17:03:22,455: log_options() 'quotes_hpos = 100'
INFO: 2025-02-05 17:03:22,455: log_options() 'quotes_max_length = 250'
INFO: 2025-02-05 17:03:22,455: log_options() 'quotes_tags = '
INFO: 2025-02-05 17:03:22,455: log_options() 'quotes_text_color = [255, 255, 255]'
INFO: 2025-02-05 17:03:22,455: log_options() 'quotes_text_shadow = False'
INFO: 2025-02-05 17:03:22,455: log_options() 'quotes_vpos = 40'
INFO: 2025-02-05 17:03:22,455: log_options() 'quotes_width = 70'
INFO: 2025-02-05 17:03:22,455: log_options() 'safe_mode = False'
INFO: 2025-02-05 17:03:22,455: log_options() 'set_wallpaper_script = /home/guptamadhav/.config/variety/hyde/scripts/hyde_wallpaper'
INFO: 2025-02-05 17:03:22,455: log_options() 'slideshow_custom_enabled = False'
INFO: 2025-02-05 17:03:22,455: log_options() 'slideshow_custom_folder = /home/guptamadhav/Pictures'
INFO: 2025-02-05 17:03:22,455: log_options() 'slideshow_downloads_enabled = False'
INFO: 2025-02-05 17:03:22,455: log_options() 'slideshow_fade = 0.4'
INFO: 2025-02-05 17:03:22,455: log_options() 'slideshow_favorites_enabled = True'
INFO: 2025-02-05 17:03:22,455: log_options() 'slideshow_mode = Fullscreen'
INFO: 2025-02-05 17:03:22,455: log_options() 'slideshow_monitor = All'
INFO: 2025-02-05 17:03:22,455: log_options() 'slideshow_pan = 0.05'
INFO: 2025-02-05 17:03:22,455: log_options() 'slideshow_seconds = 6.0'
INFO: 2025-02-05 17:03:22,455: log_options() 'slideshow_sort_order = Random'
INFO: 2025-02-05 17:03:22,455: log_options() 'slideshow_sources_enabled = True'
INFO: 2025-02-05 17:03:22,455: log_options() 'slideshow_zoom = 0.2'
INFO: 2025-02-05 17:03:22,455: log_options() 'smart_enabled = False'
INFO: 2025-02-05 17:03:22,455: log_options() 'smart_notice_shown = False'
INFO: 2025-02-05 17:03:22,455: log_options() 'smart_register_shown = False'
INFO: 2025-02-05 17:03:22,455: log_options() 'sources = [[False, 'favorites', 'The Favorites folder'], [False, 'fetched', 'The Fetched folder'], [False, 'folder', '/usr/share/backgrounds'], [False, 'flickr', 'user:www.flickr.com/photos/peter-levi/;user_id:93647178@N00;'], [False, 'apod', "NASA's Astronomy Picture of the Day"], [False, 'bing', 'Bing Photo of the Day'], [False, 'earthview', 'Google Earth View Wallpapers'], [False, 'natgeo', "National Geographic's photo of the day"], [False, 'unsplash', 'High-resolution photos from Unsplash.com']]'
INFO: 2025-02-05 17:03:22,455: log_options() 'stats_enabled = True'
INFO: 2025-02-05 17:03:22,455: log_options() 'stats_notice_shown = False'
INFO: 2025-02-05 17:03:22,456: log_options() 'sync_enabled = True'
INFO: 2025-02-05 17:03:22,456: log_options() 'use_landscape_enabled = True'
INFO: 2025-02-05 17:03:22,456: log_options() 'wallhaven_api_key = '
INFO: 2025-02-05 17:03:22,456: log_options() 'wallpaper_auto_rotate = False'
INFO: 2025-02-05 17:03:22,456: log_options() 'wallpaper_display_mode = os'
INFO: 2025-02-05 17:03:22,456: clear_prepared_queue() 'Clearing prepared queue'
INFO: 2025-02-05 17:03:22,456: update_indicator() 'Setting file info to: /home/guptamadhav/.config/variety/hyde/Favorites/image.png'
INFO: 2025-02-05 17:03:22,456: prepare_thread() 'Prepared buffer contains 0 images'
INFO: 2025-02-05 17:03:22,456: prepare_thread() 'Preparing some images'
INFO: 2025-02-05 17:03:22,456: prepare_thread() 'After search prepared buffer contains 0 images'
INFO: 2025-02-05 17:03:22,457: regular_change_thread() 'regular_change: waiting till user resumes'
INFO: 2025-02-05 17:03:22,457: prepare_thread() 'Prepared buffer contains 0 images'
INFO: 2025-02-05 17:03:22,457: prepare_thread() 'Preparing some images'
INFO: 2025-02-05 17:03:22,457: prepare_thread() 'After search prepared buffer contains 0 images'
INFO: 2025-02-05 17:03:22,557: do_set_wp() 'Calling do_set_wp with /home/guptamadhav/.config/variety/hyde/Favorites/image.png, time: 1738755202.5576797'
INFO: 2025-02-05 17:03:22,566: update_indicator() 'Setting file info to: /home/guptamadhav/.config/variety/hyde/Favorites/image.png'
INFO: 2025-02-05 17:03:23,284: trigger_download() 'Triggering download thread to check if download needed and possible'
INFO: 2025-02-05 17:03:24,456: trigger_download() 'Triggering download thread to check if download needed and possible'
INFO: 2025-02-05 17:03:24,458: trigger_download() 'Triggering download thread to check if download needed and possible'
