2025-02-06 14:24:16.308 [info] Telemetry level is off
2025-02-06 14:24:16.308 [info] Experiments are disabled, only manually opted experiments are active.
2025-02-06 14:24:16.308 [warning] Dir "/home/guptamadhav/.config/.pixi/envs" is not watchable (directory does not exist)
2025-02-06 14:24:16.308 [info] Starting Environment refresh
2025-02-06 14:24:16.308 [info] Starting Environment refresh
2025-02-06 14:24:16.308 [info] > hatch env show --json
2025-02-06 14:24:16.308 [info] cwd: .
2025-02-06 14:24:16.308 [info] > pyenv which python
2025-02-06 14:24:16.308 [info] cwd: .
2025-02-06 14:24:16.364 [info] Environments refresh finished (event): 474 milliseconds
2025-02-06 14:24:16.364 [info] Environments refresh paths discovered: 475 milliseconds
2025-02-06 14:24:16.364 [info] Environment refresh took 475 milliseconds
2025-02-06 14:24:16.365 [info] Environments refresh finished (event): 486 milliseconds
2025-02-06 14:24:16.365 [info] Environments refresh paths discovered: 486 milliseconds
2025-02-06 14:24:16.375 [info] > pyenv which python
2025-02-06 14:24:16.375 [info] cwd: .
2025-02-06 14:24:16.376 [info] Environment refresh took 497 milliseconds
2025-02-06 14:24:16.381 [info] Python interpreter path: /bin/python
2025-02-06 14:24:17.420 [info] Starting Pylance language server.
2025-02-06 14:44:45.073 [info] Discover tests for workspace name: undefined - uri: /home/guptamadhav/.config/Code/User/settings.json
2025-02-06 14:44:54.273 [info] Discover tests for workspace name: undefined - uri: /home/guptamadhav/.config/Code/User/settings.json
2025-02-06 14:44:55.918 [info] Discover tests for workspace name: undefined - uri: /home/guptamadhav/.config/Code/User/settings.json
