2025-02-06 14:24:16.863 [info] (Client) Pylance async client (2025.2.1) started with python extension (2024.22.2)
2025-02-06 14:24:17.407 [info] [Info  - 2:24:17 PM] (33402) Server root directory: file:///home/guptamadhav/.vscode/extensions/ms-python.vscode-pylance-2025.2.1/dist
2025-02-06 14:24:17.407 [info] [Info  - 2:24:17 PM] (33402) Pylance language server 2025.2.1 (pyright version 1.1.393, commit 3763156f) starting
2025-02-06 14:24:17.408 [info] [Info  - 2:24:17 PM] (33402) Starting service instance ".config"
2025-02-06 14:24:17.448 [info] [Info  - 2:24:17 PM] (33402) Setting environmentName for service ".config": "3.13.1 (global)"
2025-02-06 14:24:17.449 [info] [Info  - 2:24:17 PM] (33402) Setting pythonPath for service ".config": "/bin/python"
2025-02-06 14:24:17.449 [info] [Info  - 2:24:17 PM] (33402) No include entries specified; assuming /home/guptamadhav/.config
2025-02-06 14:24:17.449 [info] [Info  - 2:24:17 PM] (33402) Auto-excluding **/node_modules
2025-02-06 14:24:17.450 [info] [Info  - 2:24:17 PM] (33402) Auto-excluding **/__pycache__
2025-02-06 14:24:17.450 [info] [Info  - 2:24:17 PM] (33402) Auto-excluding **/.*
2025-02-06 14:24:17.473 [info] [Info  - 2:24:17 PM] (33402) Assuming Python version 3.13.1.final.0
2025-02-06 14:24:17.614 [info] [Info  - 2:24:17 PM] (33402) No source files found.
2025-02-06 14:24:17.630 [info] [Info  - 2:24:17 PM] (33402) Starting service instance "<default>"
2025-02-06 14:24:17.814 [info] [Info  - 2:24:17 PM] (33402) Setting environmentName for service "<default>": "3.13.1 (global)"
2025-02-06 14:24:17.814 [info] [Info  - 2:24:17 PM] (33402) Setting pythonPath for service "<default>": "/bin/python"
2025-02-06 14:24:17.814 [info] [Info  - 2:24:17 PM] (33402) No include entries specified; assuming /<default workspace root>
2025-02-06 14:24:17.814 [info] [Info  - 2:24:17 PM] (33402) Auto-excluding **/node_modules
2025-02-06 14:24:17.814 [info] [Info  - 2:24:17 PM] (33402) Auto-excluding **/__pycache__
2025-02-06 14:24:17.814 [info] [Info  - 2:24:17 PM] (33402) Auto-excluding **/.*
2025-02-06 14:24:17.847 [info] [Info  - 2:24:17 PM] (33402) Assuming Python version 3.13.1.final.0
2025-02-06 14:24:17.892 [info] [Error - 2:24:17 PM] (33402) File or directory "/<default workspace root>" does not exist.
2025-02-06 14:24:17.893 [info] [Info  - 2:24:17 PM] (33402) No source files found.
2025-02-06 14:24:18.100 [info] [Info  - 2:24:18 PM] (33402) Background analysis(1) root directory: file:///home/guptamadhav/.vscode/extensions/ms-python.vscode-pylance-2025.2.1/dist
2025-02-06 14:24:18.100 [info] [Info  - 2:24:18 PM] (33402) Background analysis(1) started
2025-02-06 14:24:18.302 [info] [Info  - 2:24:18 PM] (33402) Indexer background runner(2) root directory: file:///home/guptamadhav/.vscode/extensions/ms-python.vscode-pylance-2025.2.1/dist (index)
2025-02-06 14:24:18.302 [info] [Info  - 2:24:18 PM] (33402) Indexing(2) started
2025-02-06 14:24:18.540 [info] [Info  - 2:24:18 PM] (33402) Background analysis(3) root directory: file:///home/guptamadhav/.vscode/extensions/ms-python.vscode-pylance-2025.2.1/dist
2025-02-06 14:24:18.543 [info] [Info  - 2:24:18 PM] (33402) Background analysis(3) started
2025-02-06 14:24:18.737 [info] [Info  - 2:24:18 PM] (33402) scanned(2) 59 files over 1 exec env
2025-02-06 14:24:19.711 [info] [Info  - 2:24:19 PM] (33402) indexed(2) 59 files over 1 exec env
2025-02-06 14:24:19.735 [info] [Info  - 2:24:19 PM] (33402) Indexing finished(2).
2025-02-06 14:44:21.719 [info] [Info  - 2:44:21 PM] Server process exited successfully
2025-02-06 14:44:22.339 [info] (Client) Pylance async client (2025.2.1) started with python extension (2024.22.2)
2025-02-06 14:44:22.833 [info] [Info  - 2:44:22 PM] (53123) Server root directory: file:///home/guptamadhav/.vscode/extensions/ms-python.vscode-pylance-2025.2.1/dist
2025-02-06 14:44:22.833 [info] [Info  - 2:44:22 PM] (53123) Pylance language server 2025.2.1 (pyright version 1.1.393, commit 3763156f) starting
2025-02-06 14:44:22.837 [info] [Info  - 2:44:22 PM] (53123) Starting service instance ".config"
2025-02-06 14:44:22.863 [info] [Info  - 2:44:22 PM] (53123) Setting environmentName for service ".config": "3.13.1 (global)"
2025-02-06 14:44:22.863 [info] [Info  - 2:44:22 PM] (53123) Setting pythonPath for service ".config": "/bin/python"
2025-02-06 14:44:22.863 [info] [Info  - 2:44:22 PM] (53123) No include entries specified; assuming /home/guptamadhav/.config
2025-02-06 14:44:22.864 [info] [Info  - 2:44:22 PM] (53123) Auto-excluding **/node_modules
2025-02-06 14:44:22.864 [info] [Info  - 2:44:22 PM] (53123) Auto-excluding **/__pycache__
2025-02-06 14:44:22.864 [info] [Info  - 2:44:22 PM] (53123) Auto-excluding **/.*
2025-02-06 14:44:22.887 [info] [Info  - 2:44:22 PM] (53123) Assuming Python version 3.13.1.final.0
2025-02-06 14:44:22.994 [info] [Info  - 2:44:22 PM] (53123) No source files found.
2025-02-06 14:44:23.380 [info] [Info  - 2:44:23 PM] (53123) Background analysis(1) root directory: file:///home/guptamadhav/.vscode/extensions/ms-python.vscode-pylance-2025.2.1/dist
2025-02-06 14:44:23.382 [info] [Info  - 2:44:23 PM] (53123) Background analysis(1) started
2025-02-06 14:44:23.510 [info] [Info  - 2:44:23 PM] (53123) Indexer background runner(2) root directory: file:///home/guptamadhav/.vscode/extensions/ms-python.vscode-pylance-2025.2.1/dist (index)
2025-02-06 14:44:23.510 [info] [Info  - 2:44:23 PM] (53123) Indexing(2) started
2025-02-06 14:44:23.811 [info] [Info  - 2:44:23 PM] (53123) scanned(2) 59 files over 1 exec env
2025-02-06 14:44:23.965 [info] [Info  - 2:44:23 PM] (53123) indexed(2) 59 files over 1 exec env
2025-02-06 14:44:23.990 [info] [Info  - 2:44:23 PM] (53123) Indexing finished(2).
