2025-02-06 15:12:21.267 [info] [main] Log level: Info
2025-02-06 15:12:21.267 [info] [main] Validating found git in: "git"
2025-02-06 15:12:21.267 [info] [main] Using git "2.48.1" from "git"
2025-02-06 15:12:21.267 [info] [Model][doInitialScan] Initial repository scan started
2025-02-06 15:12:21.267 [info] > git rev-parse --show-toplevel [3ms]
2025-02-06 15:12:21.267 [info] fatal: not a git repository (or any of the parent directories): .git
2025-02-06 15:12:21.276 [info] > git rev-parse --show-toplevel [2ms]
2025-02-06 15:12:21.276 [info] fatal: not a git repository (or any of the parent directories): .git
2025-02-06 15:12:21.313 [info] > git rev-parse --show-toplevel [4ms]
2025-02-06 15:12:21.313 [info] fatal: not a git repository (or any of the parent directories): .git
2025-02-06 15:12:21.328 [info] > git rev-parse --show-toplevel [4ms]
2025-02-06 15:12:21.328 [info] fatal: not a git repository (or any of the parent directories): .git
2025-02-06 15:12:21.337 [info] > git rev-parse --show-toplevel [1ms]
2025-02-06 15:12:21.337 [info] fatal: not a git repository (or any of the parent directories): .git
2025-02-06 15:12:21.350 [info] > git rev-parse --show-toplevel [6ms]
2025-02-06 15:12:21.350 [info] fatal: not a git repository (or any of the parent directories): .git
2025-02-06 15:12:21.359 [info] > git rev-parse --show-toplevel [1ms]
2025-02-06 15:12:21.359 [info] fatal: not a git repository (or any of the parent directories): .git
2025-02-06 15:12:21.367 [info] > git rev-parse --show-toplevel [2ms]
2025-02-06 15:12:21.367 [info] fatal: not a git repository (or any of the parent directories): .git
2025-02-06 15:12:21.376 [info] > git rev-parse --show-toplevel [2ms]
2025-02-06 15:12:21.376 [info] fatal: not a git repository (or any of the parent directories): .git
2025-02-06 15:12:21.384 [info] > git rev-parse --show-toplevel [2ms]
2025-02-06 15:12:21.384 [info] fatal: not a git repository (or any of the parent directories): .git
2025-02-06 15:12:21.393 [info] > git rev-parse --show-toplevel [2ms]
2025-02-06 15:12:21.393 [info] fatal: not a git repository (or any of the parent directories): .git
2025-02-06 15:12:21.400 [info] > git rev-parse --show-toplevel [2ms]
2025-02-06 15:12:21.400 [info] fatal: not a git repository (or any of the parent directories): .git
2025-02-06 15:12:21.409 [info] > git rev-parse --show-toplevel [2ms]
2025-02-06 15:12:21.409 [info] fatal: not a git repository (or any of the parent directories): .git
2025-02-06 15:12:21.417 [info] > git rev-parse --show-toplevel [1ms]
2025-02-06 15:12:21.417 [info] fatal: not a git repository (or any of the parent directories): .git
2025-02-06 15:12:21.424 [info] > git rev-parse --show-toplevel [1ms]
2025-02-06 15:12:21.424 [info] fatal: not a git repository (or any of the parent directories): .git
2025-02-06 15:12:21.431 [info] > git rev-parse --show-toplevel [0ms]
2025-02-06 15:12:21.431 [info] fatal: not a git repository (or any of the parent directories): .git
2025-02-06 15:12:21.439 [info] > git rev-parse --show-toplevel [1ms]
2025-02-06 15:12:21.439 [info] fatal: not a git repository (or any of the parent directories): .git
2025-02-06 15:12:21.446 [info] > git rev-parse --show-toplevel [1ms]
2025-02-06 15:12:21.446 [info] fatal: not a git repository (or any of the parent directories): .git
2025-02-06 15:12:21.453 [info] > git rev-parse --show-toplevel [1ms]
2025-02-06 15:12:21.453 [info] fatal: not a git repository (or any of the parent directories): .git
2025-02-06 15:12:21.462 [info] > git rev-parse --show-toplevel [1ms]
2025-02-06 15:12:21.462 [info] fatal: not a git repository (or any of the parent directories): .git
2025-02-06 15:12:21.469 [info] > git rev-parse --show-toplevel [1ms]
2025-02-06 15:12:21.469 [info] fatal: not a git repository (or any of the parent directories): .git
2025-02-06 15:12:21.478 [info] > git rev-parse --show-toplevel [2ms]
2025-02-06 15:12:21.478 [info] fatal: not a git repository (or any of the parent directories): .git
2025-02-06 15:12:21.485 [info] > git rev-parse --show-toplevel [1ms]
2025-02-06 15:12:21.485 [info] fatal: not a git repository (or any of the parent directories): .git
2025-02-06 15:12:21.494 [info] > git rev-parse --show-toplevel [1ms]
2025-02-06 15:12:21.494 [info] fatal: not a git repository (or any of the parent directories): .git
2025-02-06 15:12:21.509 [info] > git rev-parse --show-toplevel [5ms]
2025-02-06 15:12:21.509 [info] fatal: not a git repository (or any of the parent directories): .git
2025-02-06 15:12:21.516 [info] > git rev-parse --show-toplevel [1ms]
2025-02-06 15:12:21.516 [info] fatal: not a git repository (or any of the parent directories): .git
2025-02-06 15:12:21.524 [info] > git rev-parse --show-toplevel [1ms]
2025-02-06 15:12:21.524 [info] fatal: not a git repository (or any of the parent directories): .git
2025-02-06 15:12:21.531 [info] > git rev-parse --show-toplevel [1ms]
2025-02-06 15:12:21.531 [info] fatal: not a git repository (or any of the parent directories): .git
2025-02-06 15:12:21.538 [info] > git rev-parse --show-toplevel [1ms]
2025-02-06 15:12:21.538 [info] fatal: not a git repository (or any of the parent directories): .git
2025-02-06 15:12:21.547 [info] > git rev-parse --show-toplevel [1ms]
2025-02-06 15:12:21.548 [info] fatal: not a git repository (or any of the parent directories): .git
2025-02-06 15:12:21.555 [info] > git rev-parse --show-toplevel [1ms]
2025-02-06 15:12:21.555 [info] fatal: not a git repository (or any of the parent directories): .git
2025-02-06 15:12:21.565 [info] > git rev-parse --show-toplevel [1ms]
2025-02-06 15:12:21.565 [info] fatal: not a git repository (or any of the parent directories): .git
2025-02-06 15:12:21.578 [info] > git rev-parse --show-toplevel [7ms]
2025-02-06 15:12:21.578 [info] fatal: not a git repository (or any of the parent directories): .git
2025-02-06 15:12:21.587 [info] > git rev-parse --show-toplevel [1ms]
2025-02-06 15:12:21.587 [info] fatal: not a git repository (or any of the parent directories): .git
2025-02-06 15:12:21.587 [info] [Model][doInitialScan] Initial repository scan completed - repositories (0), closed repositories (0), parent repositories (0), unsafe repositories (0)
2025-02-06 15:12:21.596 [info] > git rev-parse --show-toplevel [1ms]
2025-02-06 15:12:21.596 [info] fatal: not a git repository (or any of the parent directories): .git
2025-02-06 15:12:21.603 [info] > git rev-parse --show-toplevel [1ms]
2025-02-06 15:12:21.603 [info] fatal: not a git repository (or any of the parent directories): .git
2025-02-06 15:12:21.792 [info] > git rev-parse --show-toplevel [2ms]
2025-02-06 15:12:21.792 [info] fatal: not a git repository (or any of the parent directories): .git
2025-02-06 15:12:22.515 [info] > git rev-parse --show-toplevel [1ms]
2025-02-06 15:12:22.515 [info] fatal: not a git repository (or any of the parent directories): .git
2025-02-06 15:12:22.914 [info] > git rev-parse --show-toplevel [1ms]
2025-02-06 15:12:22.914 [info] fatal: not a git repository (or any of the parent directories): .git
2025-02-06 15:12:58.479 [info] > git rev-parse --show-toplevel [2ms]
2025-02-06 15:12:58.479 [info] fatal: not a git repository (or any of the parent directories): .git
2025-02-06 15:13:57.797 [info] > git rev-parse --show-toplevel [1ms]
2025-02-06 15:13:57.797 [info] fatal: not a git repository (or any of the parent directories): .git
2025-02-06 15:14:17.283 [info] > git rev-parse --show-toplevel [1ms]
2025-02-06 15:14:17.283 [info] fatal: not a git repository (or any of the parent directories): .git
2025-02-06 15:14:17.707 [info] > git rev-parse --show-toplevel [2ms]
2025-02-06 15:14:17.707 [info] fatal: not a git repository (or any of the parent directories): .git
2025-02-06 15:14:25.412 [info] > git rev-parse --show-toplevel [2ms]
2025-02-06 15:14:25.412 [info] fatal: not a git repository (or any of the parent directories): .git
2025-02-06 15:20:22.830 [info] > git rev-parse --show-toplevel [1ms]
2025-02-06 15:20:22.830 [info] fatal: not a git repository (or any of the parent directories): .git
2025-02-06 15:23:44.316 [info] > git rev-parse --show-toplevel [1ms]
2025-02-06 15:23:44.316 [info] fatal: not a git repository (or any of the parent directories): .git
2025-02-06 15:24:16.135 [info] > git rev-parse --show-toplevel [1ms]
2025-02-06 15:24:16.135 [info] fatal: not a git repository (or any of the parent directories): .git
2025-02-06 15:24:32.548 [info] > git rev-parse --show-toplevel [2ms]
2025-02-06 15:24:32.548 [info] fatal: not a git repository (or any of the parent directories): .git
2025-02-06 15:25:13.073 [info] > git rev-parse --show-toplevel [2ms]
2025-02-06 15:25:13.073 [info] fatal: not a git repository (or any of the parent directories): .git
